0 verbose cli C:\Program Files\nodejs\node.exe C:\Users\ASUS\AppData\Roaming\npm\node_modules\npm\bin\npm-cli.js
0 verbose cli C:\Program Files\nodejs\node.exe C:\Users\ASUS\AppData\Roaming\npm\node_modules\npm\bin\npm-cli.js
0 verbose cli C:\Program Files\nodejs\node.exe C:\Users\ASUS\AppData\Roaming\npm\node_modules\npm\bin\npm-cli.js
0 verbose cli C:\Program Files\nodejs\node.exe C:\Users\ASUS\AppData\Roaming\npm\node_modules\npm\bin\npm-cli.js
1 info using npm@11.2.0
1 info using npm@11.2.0
1 info using npm@11.2.0
1 info using npm@11.2.0
2 info using node@v20.17.0
2 info using node@v20.17.0
2 info using node@v20.17.0
3 silly config load:file:C:\Users\ASUS\AppData\Roaming\npm\node_modules\npm\npmrc
2 info using node@v20.17.0
3 silly config load:file:C:\Users\ASUS\AppData\Roaming\npm\node_modules\npm\npmrc
4 silly config load:file:C:\Users\ASUS\rouss\.npmrc
3 silly config load:file:C:\Users\ASUS\AppData\Roaming\npm\node_modules\npm\npmrc
3 silly config load:file:C:\Users\ASUS\AppData\Roaming\npm\node_modules\npm\npmrc
4 silly config load:file:C:\Users\ASUS\rouss\.npmrc
4 silly config load:file:C:\Users\ASUS\rouss\.npmrc
5 silly config load:file:C:\Users\ASUS\.npmrc
4 silly config load:file:C:\Users\ASUS\rouss\.npmrc
5 silly config load:file:C:\Users\ASUS\.npmrc
5 silly config load:file:C:\Users\ASUS\.npmrc
6 silly config load:file:C:\Users\ASUS\AppData\Roaming\npm\etc\npmrc
6 silly config load:file:C:\Users\ASUS\AppData\Roaming\npm\etc\npmrc
5 silly config load:file:C:\Users\ASUS\.npmrc
6 silly config load:file:C:\Users\ASUS\AppData\Roaming\npm\etc\npmrc
6 silly config load:file:C:\Users\ASUS\AppData\Roaming\npm\etc\npmrc
7 verbose title npm config list
7 verbose title npm config list
8 verbose argv "config" "list" "--json"
7 verbose title npm config list
9 verbose logfile logs-max:10 dir:C:\Users\ASUS\rouss\UsersASUSAppDataLocalnpm-cache\_logs\2025-08-01T04_51_59_894Z-
7 verbose title npm config list
8 verbose argv "config" "list" "--json"
8 verbose argv "config" "list" "--json"
9 verbose logfile logs-max:10 dir:C:\Users\ASUS\rouss\UsersASUSAppDataLocalnpm-cache\_logs\2025-08-01T04_51_59_894Z-
9 verbose logfile logs-max:10 dir:C:\Users\ASUS\rouss\UsersASUSAppDataLocalnpm-cache\_logs\2025-08-01T04_51_59_894Z-
8 verbose argv "config" "list" "--json"
10 verbose logfile C:\Users\ASUS\rouss\UsersASUSAppDataLocalnpm-cache\_logs\2025-08-01T04_51_59_894Z-debug-0.log
9 verbose logfile logs-max:10 dir:C:\Users\ASUS\rouss\UsersASUSAppDataLocalnpm-cache\_logs\2025-08-01T04_51_59_894Z-
10 verbose logfile C:\Users\ASUS\rouss\UsersASUSAppDataLocalnpm-cache\_logs\2025-08-01T04_51_59_894Z-debug-0.log
10 verbose logfile C:\Users\ASUS\rouss\UsersASUSAppDataLocalnpm-cache\_logs\2025-08-01T04_51_59_894Z-debug-0.log
10 verbose logfile C:\Users\ASUS\rouss\UsersASUSAppDataLocalnpm-cache\_logs\2025-08-01T04_51_59_894Z-debug-0.log
0 verbose cli C:\Program Files\nodejs\node.exe C:\Users\ASUS\AppData\Roaming\npm\node_modules\npm\bin\npm-cli.js
1 info using npm@11.2.0
2 info using node@v20.17.0
3 silly config load:file:C:\Users\ASUS\AppData\Roaming\npm\node_modules\npm\npmrc
4 silly config load:file:C:\Users\ASUS\rouss\.npmrc
5 silly config load:file:C:\Users\ASUS\.npmrc
6 silly config load:file:C:\Users\ASUS\AppData\Roaming\npm\etc\npmrc
7 verbose title npm config list
8 verbose argv "config" "list" "--json"
9 verbose logfile logs-max:10 dir:C:\Users\ASUS\rouss\UsersASUSAppDataLocalnpm-cache\_logs\2025-08-01T04_51_59_894Z-
10 verbose logfile C:\Users\ASUS\rouss\UsersASUSAppDataLocalnpm-cache\_logs\2025-08-01T04_51_59_894Z-debug-0.log
11 silly logfile start cleaning logs, removing 3 files
11 silly logfile start cleaning logs, removing 3 files
11 silly logfile start cleaning logs, removing 3 files
11 silly logfile start cleaning logs, removing 3 files
11 silly logfile start cleaning logs, removing 3 files
12 verbose cwd C:\Users\ASUS\rouss
13 verbose os Windows_NT 10.0.26100
14 verbose node v20.17.0
15 verbose npm  v11.2.0
12 verbose cwd C:\Users\ASUS\rouss
13 verbose os Windows_NT 10.0.26100
12 verbose cwd C:\Users\ASUS\rouss
13 verbose os Windows_NT 10.0.26100
14 verbose node v20.17.0
15 verbose npm  v11.2.0
14 verbose node v20.17.0
15 verbose npm  v11.2.0
12 verbose cwd C:\Users\ASUS\rouss
13 verbose os Windows_NT 10.0.26100
14 verbose node v20.17.0
15 verbose npm  v11.2.0
16 verbose exit 0
16 verbose exit 0
17 info ok
17 info ok
12 verbose cwd C:\Users\ASUS\rouss
16 verbose exit 0
13 verbose os Windows_NT 10.0.26100
17 info ok
16 verbose exit 0
17 info ok
14 verbose node v20.17.0
15 verbose npm  v11.2.0
16 verbose exit 0
17 info ok
