0 verbose cli C:\Program Files\nodejs\node.exe C:\Users\ASUS\AppData\Roaming\npm\node_modules\npm\bin\npm-cli.js
1 info using npm@11.2.0
2 info using node@v20.17.0
3 silly config load:file:C:\Users\ASUS\AppData\Roaming\npm\node_modules\npm\npmrc
4 silly config load:file:C:\Users\ASUS\rouss\.npmrc
5 silly config load:file:C:\Users\ASUS\.npmrc
6 silly config load:file:C:\Users\ASUS\AppData\Roaming\npm\etc\npmrc
7 verbose title npm install eslint
8 verbose argv "install" "--save-dev" "eslint"
9 verbose logfile logs-max:10 dir:C:\Users\ASUS\rouss\UsersASUSAppDataLocalnpm-cache\_logs\2025-08-03T05_33_42_054Z-
10 verbose logfile C:\Users\ASUS\rouss\UsersASUSAppDataLocalnpm-cache\_logs\2025-08-03T05_33_42_054Z-debug-0.log
11 silly logfile start cleaning logs, removing 1 files
12 silly packumentCache heap:4345298944 maxSize:1086324736 maxEntrySize:543162368
13 silly logfile done cleaning log files
14 silly idealTree buildDeps
15 silly fetch manifest eslint@*
16 silly packumentCache full:https://registry.npmjs.org/eslint cache-miss
17 http fetch GET 200 https://registry.npmjs.org/eslint 419ms (cache miss)
18 silly packumentCache full:https://registry.npmjs.org/eslint set size:undefined disposed:false
19 silly fetch manifest jiti@*
20 silly packumentCache full:https://registry.npmjs.org/jiti cache-miss
21 http fetch GET 200 https://registry.npmjs.org/jiti 87ms (cache miss)
22 silly packumentCache full:https://registry.npmjs.org/jiti set size:undefined disposed:false
23 silly placeDep ROOT eslint@9.32.0 OK for: my-app@0.1.0 want: *
24 silly fetch manifest ajv@^6.12.4
25 silly packumentCache full:https://registry.npmjs.org/ajv cache-miss
26 silly fetch manifest chalk@^4.0.0
27 silly packumentCache full:https://registry.npmjs.org/chalk cache-miss
28 silly fetch manifest debug@^4.3.2
29 silly packumentCache full:https://registry.npmjs.org/debug cache-miss
30 silly fetch manifest espree@^10.4.0
31 silly packumentCache full:https://registry.npmjs.org/espree cache-miss
32 silly fetch manifest ignore@^5.2.0
33 silly packumentCache full:https://registry.npmjs.org/ignore cache-miss
34 silly fetch manifest esquery@^1.5.0
35 silly packumentCache full:https://registry.npmjs.org/esquery cache-miss
36 silly fetch manifest esutils@^2.0.2
37 silly packumentCache full:https://registry.npmjs.org/esutils cache-miss
38 silly fetch manifest find-up@^5.0.0
39 silly packumentCache full:https://registry.npmjs.org/find-up cache-miss
40 silly fetch manifest is-glob@^4.0.0
41 silly packumentCache full:https://registry.npmjs.org/is-glob cache-miss
42 silly fetch manifest minimatch@^3.1.2
43 silly packumentCache full:https://registry.npmjs.org/minimatch cache-miss
44 silly fetch manifest @eslint/js@9.32.0
45 silly packumentCache full:https://registry.npmjs.org/@eslint%2fjs cache-miss
46 http fetch GET 200 https://registry.npmjs.org/espree 130ms (cache miss)
47 silly packumentCache full:https://registry.npmjs.org/espree set size:undefined disposed:false
48 silly fetch manifest optionator@^0.9.3
49 silly packumentCache full:https://registry.npmjs.org/optionator cache-miss
50 http fetch GET 200 https://registry.npmjs.org/ajv 223ms (cache revalidated)
51 silly packumentCache full:https://registry.npmjs.org/ajv set size:1126055 disposed:false
52 silly fetch manifest cross-spawn@^7.0.6
53 silly packumentCache full:https://registry.npmjs.org/cross-spawn cache-miss
54 http fetch GET 200 https://registry.npmjs.org/optionator 109ms (cache miss)
55 silly packumentCache full:https://registry.npmjs.org/optionator set size:undefined disposed:false
56 silly fetch manifest glob-parent@^6.0.2
57 silly packumentCache full:https://registry.npmjs.org/glob-parent cache-miss
58 http fetch GET 200 https://registry.npmjs.org/is-glob 244ms (cache revalidated)
59 silly packumentCache full:https://registry.npmjs.org/is-glob set size:40530 disposed:false
60 silly fetch manifest imurmurhash@^0.1.4
61 silly packumentCache full:https://registry.npmjs.org/imurmurhash cache-miss
62 http fetch GET 200 https://registry.npmjs.org/esquery 249ms (cache miss)
63 silly packumentCache full:https://registry.npmjs.org/esquery set size:undefined disposed:false
64 silly fetch manifest @eslint/core@^0.15.0
65 silly packumentCache full:https://registry.npmjs.org/@eslint%2fcore cache-miss
66 http fetch GET 200 https://registry.npmjs.org/debug 252ms (cache revalidated)
67 silly packumentCache full:https://registry.npmjs.org/debug set size:193521 disposed:false
68 silly fetch manifest eslint-scope@^8.4.0
69 silly packumentCache full:https://registry.npmjs.org/eslint-scope cache-miss
70 http fetch GET 200 https://registry.npmjs.org/minimatch 254ms (cache revalidated)
71 silly packumentCache full:https://registry.npmjs.org/minimatch set size:298903 disposed:false
72 silly fetch manifest lodash.merge@^4.6.2
73 silly packumentCache full:https://registry.npmjs.org/lodash.merge cache-miss
74 http fetch GET 200 https://registry.npmjs.org/esutils 268ms (cache miss)
75 silly packumentCache full:https://registry.npmjs.org/esutils set size:undefined disposed:false
76 silly fetch manifest @humanfs/node@^0.16.6
77 silly packumentCache full:https://registry.npmjs.org/@humanfs%2fnode cache-miss
78 http fetch GET 200 https://registry.npmjs.org/chalk 280ms (cache revalidated)
79 silly packumentCache full:https://registry.npmjs.org/chalk set size:122578 disposed:false
80 silly fetch manifest @types/estree@^1.0.6
81 silly packumentCache full:https://registry.npmjs.org/@types%2festree cache-miss
82 http fetch GET 200 https://registry.npmjs.org/@eslint%2fjs 286ms (cache miss)
83 silly packumentCache full:https://registry.npmjs.org/@eslint%2fjs set size:undefined disposed:false
84 silly fetch manifest fast-deep-equal@^3.1.3
85 silly packumentCache full:https://registry.npmjs.org/fast-deep-equal cache-miss
86 http fetch GET 200 https://registry.npmjs.org/find-up 291ms (cache miss)
87 silly packumentCache full:https://registry.npmjs.org/find-up set size:undefined disposed:false
88 silly fetch manifest natural-compare@^1.4.0
89 silly packumentCache full:https://registry.npmjs.org/natural-compare cache-miss
90 http fetch GET 200 https://registry.npmjs.org/ignore 299ms (cache miss)
91 silly packumentCache full:https://registry.npmjs.org/ignore set size:undefined disposed:false
92 silly fetch manifest @eslint/eslintrc@^3.3.1
93 silly packumentCache full:https://registry.npmjs.org/@eslint%2feslintrc cache-miss
94 http fetch GET 200 https://registry.npmjs.org/cross-spawn 100ms (cache revalidated)
95 silly packumentCache full:https://registry.npmjs.org/cross-spawn set size:109066 disposed:false
96 silly fetch manifest file-entry-cache@^8.0.0
97 silly packumentCache full:https://registry.npmjs.org/file-entry-cache cache-miss
98 http fetch GET 200 https://registry.npmjs.org/imurmurhash 94ms (cache miss)
99 silly packumentCache full:https://registry.npmjs.org/imurmurhash set size:undefined disposed:false
100 silly fetch manifest @eslint/plugin-kit@^0.3.4
101 silly packumentCache full:https://registry.npmjs.org/@eslint%2fplugin-kit cache-miss
102 http fetch GET 200 https://registry.npmjs.org/eslint-scope 90ms (cache miss)
103 silly packumentCache full:https://registry.npmjs.org/eslint-scope set size:undefined disposed:false
104 silly fetch manifest @types/json-schema@^7.0.15
105 silly packumentCache full:https://registry.npmjs.org/@types%2fjson-schema cache-miss
106 http fetch GET 200 https://registry.npmjs.org/glob-parent 105ms (cache revalidated)
107 silly packumentCache full:https://registry.npmjs.org/glob-parent set size:42445 disposed:false
108 silly fetch manifest eslint-visitor-keys@^4.2.1
109 silly packumentCache full:https://registry.npmjs.org/eslint-visitor-keys cache-miss
110 http fetch GET 200 https://registry.npmjs.org/@eslint%2fcore 106ms (cache miss)
111 silly packumentCache full:https://registry.npmjs.org/@eslint%2fcore set size:undefined disposed:false
112 silly fetch manifest @eslint/config-array@^0.21.0
113 silly packumentCache full:https://registry.npmjs.org/@eslint%2fconfig-array cache-miss
114 http fetch GET 200 https://registry.npmjs.org/lodash.merge 103ms (cache miss)
115 silly packumentCache full:https://registry.npmjs.org/lodash.merge set size:undefined disposed:false
116 silly fetch manifest @humanwhocodes/retry@^0.4.2
117 silly packumentCache full:https://registry.npmjs.org/@humanwhocodes%2fretry cache-miss
118 http fetch GET 200 https://registry.npmjs.org/@humanfs%2fnode 107ms (cache miss)
119 silly packumentCache full:https://registry.npmjs.org/@humanfs%2fnode set size:undefined disposed:false
120 silly fetch manifest escape-string-regexp@^4.0.0
121 silly packumentCache full:https://registry.npmjs.org/escape-string-regexp cache-miss
122 http fetch GET 200 https://registry.npmjs.org/natural-compare 95ms (cache miss)
123 silly packumentCache full:https://registry.npmjs.org/natural-compare set size:undefined disposed:false
124 silly fetch manifest @eslint/config-helpers@^0.3.0
125 silly packumentCache full:https://registry.npmjs.org/@eslint%2fconfig-helpers cache-miss
126 http fetch GET 200 https://registry.npmjs.org/@types%2festree 111ms (cache miss)
127 silly packumentCache full:https://registry.npmjs.org/@types%2festree set size:undefined disposed:false
128 silly fetch manifest @eslint-community/regexpp@^4.12.1
129 silly packumentCache full:https://registry.npmjs.org/@eslint-community%2fregexpp cache-miss
130 http fetch GET 200 https://registry.npmjs.org/@eslint%2feslintrc 98ms (cache miss)
131 silly packumentCache full:https://registry.npmjs.org/@eslint%2feslintrc set size:undefined disposed:false
132 silly fetch manifest @eslint-community/eslint-utils@^4.2.0
133 silly packumentCache full:https://registry.npmjs.org/@eslint-community%2feslint-utils cache-miss
134 http fetch GET 200 https://registry.npmjs.org/fast-deep-equal 112ms (cache revalidated)
135 silly packumentCache full:https://registry.npmjs.org/fast-deep-equal set size:48634 disposed:false
136 silly fetch manifest @humanwhocodes/module-importer@^1.0.1
137 silly packumentCache full:https://registry.npmjs.org/@humanwhocodes%2fmodule-importer cache-miss
138 http fetch GET 200 https://registry.npmjs.org/eslint-visitor-keys 87ms (cache miss)
139 silly packumentCache full:https://registry.npmjs.org/eslint-visitor-keys set size:undefined disposed:false
140 silly fetch manifest json-stable-stringify-without-jsonify@^1.0.1
141 silly packumentCache full:https://registry.npmjs.org/json-stable-stringify-without-jsonify cache-miss
142 http fetch GET 200 https://registry.npmjs.org/@eslint%2fplugin-kit 98ms (cache miss)
143 silly packumentCache full:https://registry.npmjs.org/@eslint%2fplugin-kit set size:undefined disposed:false
144 http fetch GET 200 https://registry.npmjs.org/file-entry-cache 109ms (cache miss)
145 silly packumentCache full:https://registry.npmjs.org/file-entry-cache set size:undefined disposed:false
146 http fetch GET 200 https://registry.npmjs.org/@types%2fjson-schema 101ms (cache miss)
147 silly packumentCache full:https://registry.npmjs.org/@types%2fjson-schema set size:undefined disposed:false
148 http fetch GET 200 https://registry.npmjs.org/@humanwhocodes%2fretry 87ms (cache miss)
149 silly packumentCache full:https://registry.npmjs.org/@humanwhocodes%2fretry set size:undefined disposed:false
150 http fetch GET 200 https://registry.npmjs.org/@eslint%2fconfig-array 99ms (cache miss)
151 silly packumentCache full:https://registry.npmjs.org/@eslint%2fconfig-array set size:undefined disposed:false
152 http fetch GET 200 https://registry.npmjs.org/escape-string-regexp 89ms (cache miss)
153 silly packumentCache full:https://registry.npmjs.org/escape-string-regexp set size:undefined disposed:false
154 http fetch GET 200 https://registry.npmjs.org/@eslint%2fconfig-helpers 98ms (cache miss)
155 silly packumentCache full:https://registry.npmjs.org/@eslint%2fconfig-helpers set size:undefined disposed:false
156 http fetch GET 200 https://registry.npmjs.org/@eslint-community%2fregexpp 94ms (cache miss)
157 silly packumentCache full:https://registry.npmjs.org/@eslint-community%2fregexpp set size:undefined disposed:false
158 http fetch GET 200 https://registry.npmjs.org/@eslint-community%2feslint-utils 91ms (cache miss)
159 silly packumentCache full:https://registry.npmjs.org/@eslint-community%2feslint-utils set size:undefined disposed:false
160 http fetch GET 200 https://registry.npmjs.org/@humanwhocodes%2fmodule-importer 97ms (cache miss)
161 silly packumentCache full:https://registry.npmjs.org/@humanwhocodes%2fmodule-importer set size:undefined disposed:false
162 http fetch GET 200 https://registry.npmjs.org/json-stable-stringify-without-jsonify 74ms (cache miss)
163 silly packumentCache full:https://registry.npmjs.org/json-stable-stringify-without-jsonify set size:undefined disposed:false
164 silly fetch manifest eslint@^6.0.0 || ^7.0.0 || >=8.0.0
165 silly packumentCache full:https://registry.npmjs.org/eslint cache-miss
166 http cache https://registry.npmjs.org/eslint 9ms (cache hit)
167 silly packumentCache full:https://registry.npmjs.org/eslint set size:1817897 disposed:false
168 silly placeDep ROOT @eslint-community/eslint-utils@4.7.0 OK for: eslint@9.32.0 want: ^4.2.0
169 silly placeDep ROOT @eslint-community/regexpp@4.12.1 OK for: eslint@9.32.0 want: ^4.12.1
170 silly placeDep ROOT @eslint/config-array@0.21.0 OK for: eslint@9.32.0 want: ^0.21.0
171 silly placeDep ROOT @eslint/config-helpers@0.3.0 OK for: eslint@9.32.0 want: ^0.3.0
172 silly placeDep ROOT @eslint/core@0.15.1 OK for: eslint@9.32.0 want: ^0.15.0
173 silly placeDep ROOT @eslint/eslintrc@3.3.1 OK for: eslint@9.32.0 want: ^3.3.1
174 silly placeDep ROOT @eslint/js@9.32.0 OK for: eslint@9.32.0 want: 9.32.0
175 silly placeDep ROOT @eslint/plugin-kit@0.3.4 OK for: eslint@9.32.0 want: ^0.3.4
176 silly placeDep ROOT @humanfs/node@0.16.6 OK for: eslint@9.32.0 want: ^0.16.6
177 silly placeDep ROOT @humanwhocodes/module-importer@1.0.1 OK for: eslint@9.32.0 want: ^1.0.1
178 silly placeDep ROOT @humanwhocodes/retry@0.4.3 OK for: eslint@9.32.0 want: ^0.4.2
179 silly placeDep ROOT @types/estree@1.0.8 OK for: eslint@9.32.0 want: ^1.0.6
180 silly placeDep ROOT @types/json-schema@7.0.15 OK for: eslint@9.32.0 want: ^7.0.15
181 silly placeDep ROOT ajv@6.12.6 OK for: eslint@9.32.0 want: ^6.12.4
182 silly placeDep ROOT chalk@4.1.2 OK for: eslint@9.32.0 want: ^4.0.0
183 silly placeDep ROOT cross-spawn@7.0.6 OK for: eslint@9.32.0 want: ^7.0.6
184 silly placeDep ROOT debug@4.4.1 OK for: eslint@9.32.0 want: ^4.3.2
185 silly placeDep ROOT escape-string-regexp@4.0.0 OK for: eslint@9.32.0 want: ^4.0.0
186 silly placeDep ROOT eslint-scope@8.4.0 OK for: eslint@9.32.0 want: ^8.4.0
187 silly placeDep ROOT eslint-visitor-keys@4.2.1 OK for: eslint@9.32.0 want: ^4.2.1
188 silly placeDep ROOT espree@10.4.0 OK for: eslint@9.32.0 want: ^10.4.0
189 silly placeDep ROOT esquery@1.6.0 OK for: eslint@9.32.0 want: ^1.5.0
190 silly placeDep ROOT esutils@2.0.3 OK for: eslint@9.32.0 want: ^2.0.2
191 silly placeDep ROOT fast-deep-equal@3.1.3 OK for: eslint@9.32.0 want: ^3.1.3
192 silly placeDep ROOT file-entry-cache@8.0.0 OK for: eslint@9.32.0 want: ^8.0.0
193 silly placeDep ROOT find-up@5.0.0 OK for: eslint@9.32.0 want: ^5.0.0
194 silly placeDep ROOT glob-parent@6.0.2 OK for: eslint@9.32.0 want: ^6.0.2
195 silly placeDep ROOT ignore@5.3.2 OK for: eslint@9.32.0 want: ^5.2.0
196 silly placeDep ROOT imurmurhash@0.1.4 OK for: eslint@9.32.0 want: ^0.1.4
197 silly placeDep ROOT is-glob@4.0.3 OK for: eslint@9.32.0 want: ^4.0.0
198 silly placeDep ROOT json-stable-stringify-without-jsonify@1.0.1 OK for: eslint@9.32.0 want: ^1.0.1
199 silly placeDep ROOT lodash.merge@4.6.2 OK for: eslint@9.32.0 want: ^4.6.2
200 silly placeDep ROOT minimatch@3.1.2 OK for: eslint@9.32.0 want: ^3.1.2
201 silly placeDep ROOT natural-compare@1.4.0 OK for: eslint@9.32.0 want: ^1.4.0
202 silly placeDep ROOT optionator@0.9.4 OK for: eslint@9.32.0 want: ^0.9.3
203 silly fetch manifest eslint-visitor-keys@^3.4.3
204 silly packumentCache full:https://registry.npmjs.org/eslint-visitor-keys cache-miss
205 silly fetch manifest @eslint/object-schema@^2.1.6
206 silly packumentCache full:https://registry.npmjs.org/@eslint%2fobject-schema cache-miss
207 silly fetch manifest debug@^4.3.1
208 silly packumentCache full:https://registry.npmjs.org/debug cache-hit
209 silly fetch manifest espree@^10.0.1
210 silly packumentCache full:https://registry.npmjs.org/espree cache-miss
211 silly fetch manifest globals@^14.0.0
212 silly packumentCache full:https://registry.npmjs.org/globals cache-miss
213 silly fetch manifest import-fresh@^3.2.1
214 silly packumentCache full:https://registry.npmjs.org/import-fresh cache-miss
215 silly fetch manifest js-yaml@^4.1.0
216 silly packumentCache full:https://registry.npmjs.org/js-yaml cache-miss
217 silly fetch manifest strip-json-comments@^3.1.1
218 silly packumentCache full:https://registry.npmjs.org/strip-json-comments cache-miss
219 silly fetch manifest levn@^0.4.1
220 silly packumentCache full:https://registry.npmjs.org/levn cache-miss
221 silly fetch manifest @humanwhocodes/retry@^0.3.0
222 silly packumentCache full:https://registry.npmjs.org/@humanwhocodes%2fretry cache-miss
223 silly fetch manifest @humanfs/core@^0.19.1
224 silly packumentCache full:https://registry.npmjs.org/@humanfs%2fcore cache-miss
225 silly fetch manifest uri-js@^4.2.2
226 silly packumentCache full:https://registry.npmjs.org/uri-js cache-miss
227 http cache https://registry.npmjs.org/eslint-visitor-keys 25ms (cache hit)
228 silly packumentCache full:https://registry.npmjs.org/eslint-visitor-keys set size:65553 disposed:false
229 silly fetch manifest fast-deep-equal@^3.1.1
230 silly packumentCache full:https://registry.npmjs.org/fast-deep-equal cache-hit
231 silly fetch manifest json-schema-traverse@^0.4.1
232 silly packumentCache full:https://registry.npmjs.org/json-schema-traverse cache-miss
233 http cache https://registry.npmjs.org/@humanwhocodes%2fretry 17ms (cache hit)
234 silly packumentCache full:https://registry.npmjs.org/@humanwhocodes%2fretry set size:42348 disposed:false
235 silly fetch manifest fast-json-stable-stringify@^2.0.0
236 silly packumentCache full:https://registry.npmjs.org/fast-json-stable-stringify cache-miss
237 http cache https://registry.npmjs.org/espree 26ms (cache hit)
238 silly packumentCache full:https://registry.npmjs.org/espree set size:315544 disposed:false
239 silly fetch manifest ansi-styles@^4.1.0
240 silly packumentCache full:https://registry.npmjs.org/ansi-styles cache-miss
241 http fetch GET 200 https://registry.npmjs.org/fast-json-stable-stringify 98ms (cache revalidated)
242 silly packumentCache full:https://registry.npmjs.org/fast-json-stable-stringify set size:11337 disposed:false
243 silly fetch manifest supports-color@^7.1.0
244 silly packumentCache full:https://registry.npmjs.org/supports-color cache-miss
245 http fetch GET 200 https://registry.npmjs.org/uri-js 116ms (cache revalidated)
246 silly packumentCache full:https://registry.npmjs.org/uri-js set size:42559 disposed:false
247 silly fetch manifest which@^2.0.1
248 silly packumentCache full:https://registry.npmjs.org/which cache-miss
249 http fetch GET 200 https://registry.npmjs.org/import-fresh 127ms (cache revalidated)
250 silly packumentCache full:https://registry.npmjs.org/import-fresh set size:21461 disposed:false
251 silly fetch manifest path-key@^3.1.0
252 silly packumentCache full:https://registry.npmjs.org/path-key cache-miss
253 http fetch GET 200 https://registry.npmjs.org/js-yaml 128ms (cache revalidated)
254 silly packumentCache full:https://registry.npmjs.org/js-yaml set size:145975 disposed:false
255 silly fetch manifest shebang-command@^2.0.0
256 silly packumentCache full:https://registry.npmjs.org/shebang-command cache-miss
257 http fetch GET 200 https://registry.npmjs.org/json-schema-traverse 114ms (cache revalidated)
258 silly packumentCache full:https://registry.npmjs.org/json-schema-traverse set size:23537 disposed:false
259 silly fetch manifest ms@^2.1.3
260 silly packumentCache full:https://registry.npmjs.org/ms cache-miss
261 http fetch GET 200 https://registry.npmjs.org/ansi-styles 112ms (cache revalidated)
262 silly packumentCache full:https://registry.npmjs.org/ansi-styles set size:66356 disposed:false
263 silly fetch manifest esrecurse@^4.3.0
264 silly packumentCache full:https://registry.npmjs.org/esrecurse cache-miss
265 http fetch GET 200 https://registry.npmjs.org/strip-json-comments 141ms (cache miss)
266 silly packumentCache full:https://registry.npmjs.org/strip-json-comments set size:undefined disposed:false
267 silly fetch manifest estraverse@^5.2.0
268 silly packumentCache full:https://registry.npmjs.org/estraverse cache-miss
269 http fetch GET 200 https://registry.npmjs.org/@eslint%2fobject-schema 155ms (cache miss)
270 silly packumentCache full:https://registry.npmjs.org/@eslint%2fobject-schema set size:undefined disposed:false
271 silly fetch manifest acorn@^8.15.0
272 silly packumentCache full:https://registry.npmjs.org/acorn cache-miss
273 http fetch GET 200 https://registry.npmjs.org/@humanfs%2fcore 147ms (cache miss)
274 silly packumentCache full:https://registry.npmjs.org/@humanfs%2fcore set size:undefined disposed:false
275 silly fetch manifest acorn-jsx@^5.3.2
276 silly packumentCache full:https://registry.npmjs.org/acorn-jsx cache-miss
277 http fetch GET 200 https://registry.npmjs.org/levn 154ms (cache miss)
278 silly packumentCache full:https://registry.npmjs.org/levn set size:undefined disposed:false
279 silly fetch manifest estraverse@^5.1.0
280 silly packumentCache full:https://registry.npmjs.org/estraverse cache-miss
281 http fetch GET 200 https://registry.npmjs.org/globals 173ms (cache miss)
282 silly packumentCache full:https://registry.npmjs.org/globals set size:undefined disposed:false
283 silly fetch manifest flat-cache@^4.0.0
284 silly packumentCache full:https://registry.npmjs.org/flat-cache cache-miss
285 http fetch GET 200 https://registry.npmjs.org/supports-color 76ms (cache miss)
286 silly packumentCache full:https://registry.npmjs.org/supports-color set size:undefined disposed:false
287 silly fetch manifest locate-path@^6.0.0
288 silly packumentCache full:https://registry.npmjs.org/locate-path cache-miss
289 http fetch GET 200 https://registry.npmjs.org/esrecurse 89ms (cache miss)
290 silly packumentCache full:https://registry.npmjs.org/esrecurse set size:undefined disposed:false
291 silly fetch manifest path-exists@^4.0.0
292 silly packumentCache full:https://registry.npmjs.org/path-exists cache-miss
293 http fetch GET 200 https://registry.npmjs.org/which 116ms (cache revalidated)
294 silly packumentCache full:https://registry.npmjs.org/which set size:62722 disposed:false
295 silly fetch manifest is-glob@^4.0.3
296 silly packumentCache full:https://registry.npmjs.org/is-glob cache-hit
297 silly fetch manifest is-extglob@^2.1.1
298 silly packumentCache full:https://registry.npmjs.org/is-extglob cache-miss
299 http fetch GET 200 https://registry.npmjs.org/ms 108ms (cache revalidated)
300 silly packumentCache full:https://registry.npmjs.org/ms set size:84883 disposed:false
301 silly fetch manifest brace-expansion@^1.1.7
302 silly packumentCache full:https://registry.npmjs.org/brace-expansion cache-miss
303 http fetch GET 200 https://registry.npmjs.org/path-key 126ms (cache revalidated)
304 silly packumentCache full:https://registry.npmjs.org/path-key set size:16975 disposed:false
305 silly fetch manifest prelude-ls@^1.2.1
306 silly packumentCache full:https://registry.npmjs.org/prelude-ls cache-miss
307 http fetch GET 200 https://registry.npmjs.org/shebang-command 124ms (cache revalidated)
308 silly packumentCache full:https://registry.npmjs.org/shebang-command set size:8525 disposed:false
309 silly fetch manifest deep-is@^0.1.3
310 silly packumentCache full:https://registry.npmjs.org/deep-is cache-miss
311 http fetch GET 200 https://registry.npmjs.org/estraverse 117ms (cache miss)
312 silly packumentCache full:https://registry.npmjs.org/estraverse set size:undefined disposed:false
313 silly fetch manifest word-wrap@^1.2.5
314 silly packumentCache full:https://registry.npmjs.org/word-wrap cache-miss
315 http fetch GET 200 https://registry.npmjs.org/estraverse 107ms (cache miss)
316 silly packumentCache full:https://registry.npmjs.org/estraverse set size:undefined disposed:false
317 silly fetch manifest type-check@^0.4.0
318 silly packumentCache full:https://registry.npmjs.org/type-check cache-miss
319 http fetch GET 200 https://registry.npmjs.org/acorn-jsx 117ms (cache miss)
320 silly packumentCache full:https://registry.npmjs.org/acorn-jsx set size:undefined disposed:false
321 silly fetch manifest fast-levenshtein@^2.0.6
322 silly packumentCache full:https://registry.npmjs.org/fast-levenshtein cache-miss
323 http fetch GET 200 https://registry.npmjs.org/acorn 126ms (cache miss)
324 silly packumentCache full:https://registry.npmjs.org/acorn set size:undefined disposed:false
325 http fetch GET 200 https://registry.npmjs.org/flat-cache 105ms (cache miss)
326 silly packumentCache full:https://registry.npmjs.org/flat-cache set size:undefined disposed:false
327 http fetch GET 200 https://registry.npmjs.org/locate-path 89ms (cache miss)
328 silly packumentCache full:https://registry.npmjs.org/locate-path set size:undefined disposed:false
329 http fetch GET 200 https://registry.npmjs.org/path-exists 74ms (cache miss)
330 silly packumentCache full:https://registry.npmjs.org/path-exists set size:undefined disposed:false
331 http fetch GET 200 https://registry.npmjs.org/brace-expansion 90ms (cache revalidated)
332 silly packumentCache full:https://registry.npmjs.org/brace-expansion set size:46250 disposed:false
333 http fetch GET 200 https://registry.npmjs.org/word-wrap 84ms (cache miss)
334 silly packumentCache full:https://registry.npmjs.org/word-wrap set size:undefined disposed:false
335 http fetch GET 200 https://registry.npmjs.org/is-extglob 105ms (cache revalidated)
336 silly packumentCache full:https://registry.npmjs.org/is-extglob set size:11766 disposed:false
337 http fetch GET 200 https://registry.npmjs.org/prelude-ls 95ms (cache miss)
338 silly packumentCache full:https://registry.npmjs.org/prelude-ls set size:undefined disposed:false
339 http fetch GET 200 https://registry.npmjs.org/type-check 86ms (cache miss)
340 silly packumentCache full:https://registry.npmjs.org/type-check set size:undefined disposed:false
341 http fetch GET 200 https://registry.npmjs.org/deep-is 95ms (cache miss)
342 silly packumentCache full:https://registry.npmjs.org/deep-is set size:undefined disposed:false
343 http fetch GET 200 https://registry.npmjs.org/fast-levenshtein 116ms (cache miss)
344 silly packumentCache full:https://registry.npmjs.org/fast-levenshtein set size:undefined disposed:false
345 silly placeDep node_modules/@eslint-community/eslint-utils eslint-visitor-keys@3.4.3 OK for: @eslint-community/eslint-utils@4.7.0 want: ^3.4.3
346 silly placeDep ROOT @eslint/object-schema@2.1.6 OK for: @eslint/config-array@0.21.0 want: ^2.1.6
347 silly placeDep ROOT globals@14.0.0 OK for: @eslint/eslintrc@3.3.1 want: ^14.0.0
348 silly placeDep ROOT import-fresh@3.3.1 OK for: @eslint/eslintrc@3.3.1 want: ^3.2.1
349 silly placeDep ROOT js-yaml@4.1.0 OK for: @eslint/eslintrc@3.3.1 want: ^4.1.0
350 silly placeDep ROOT strip-json-comments@3.1.1 OK for: @eslint/eslintrc@3.3.1 want: ^3.1.1
351 silly fetch manifest parent-module@^1.0.0
352 silly packumentCache full:https://registry.npmjs.org/parent-module cache-miss
353 silly fetch manifest resolve-from@^4.0.0
354 silly packumentCache full:https://registry.npmjs.org/resolve-from cache-miss
355 silly fetch manifest argparse@^2.0.1
356 silly packumentCache full:https://registry.npmjs.org/argparse cache-miss
357 http fetch GET 200 https://registry.npmjs.org/resolve-from 359ms (cache revalidated)
358 silly packumentCache full:https://registry.npmjs.org/resolve-from set size:12911 disposed:false
359 http fetch GET 200 https://registry.npmjs.org/parent-module 362ms (cache revalidated)
360 silly packumentCache full:https://registry.npmjs.org/parent-module set size:16638 disposed:false
361 http fetch GET 200 https://registry.npmjs.org/argparse 362ms (cache revalidated)
362 silly packumentCache full:https://registry.npmjs.org/argparse set size:49266 disposed:false
363 silly placeDep ROOT levn@0.4.1 OK for: @eslint/plugin-kit@0.3.4 want: ^0.4.1
364 silly fetch manifest type-check@~0.4.0
365 silly packumentCache full:https://registry.npmjs.org/type-check cache-miss
366 http cache https://registry.npmjs.org/type-check 6ms (cache hit)
367 silly packumentCache full:https://registry.npmjs.org/type-check set size:21221 disposed:false
368 silly placeDep ROOT @humanfs/core@0.19.1 OK for: @humanfs/node@0.16.6 want: ^0.19.1
369 silly placeDep node_modules/@humanfs/node @humanwhocodes/retry@0.3.1 OK for: @humanfs/node@0.16.6 want: ^0.3.0
370 silly placeDep ROOT fast-json-stable-stringify@2.1.0 OK for: ajv@6.12.6 want: ^2.0.0
371 silly placeDep ROOT json-schema-traverse@0.4.1 OK for: ajv@6.12.6 want: ^0.4.1
372 silly placeDep ROOT uri-js@4.4.1 OK for: ajv@6.12.6 want: ^4.2.2
373 silly fetch manifest punycode@^2.1.0
374 silly packumentCache full:https://registry.npmjs.org/punycode cache-miss
375 http fetch GET 200 https://registry.npmjs.org/punycode 153ms (cache revalidated)
376 silly packumentCache full:https://registry.npmjs.org/punycode set size:61302 disposed:false
377 silly placeDep ROOT ansi-styles@4.3.0 OK for: chalk@4.1.2 want: ^4.1.0
378 silly placeDep ROOT supports-color@7.2.0 OK for: chalk@4.1.2 want: ^7.1.0
379 silly fetch manifest has-flag@^4.0.0
380 silly packumentCache full:https://registry.npmjs.org/has-flag cache-miss
381 http fetch GET 200 https://registry.npmjs.org/has-flag 190ms (cache miss)
382 silly packumentCache full:https://registry.npmjs.org/has-flag set size:undefined disposed:false
383 silly placeDep ROOT path-key@3.1.1 OK for: cross-spawn@7.0.6 want: ^3.1.0
384 silly placeDep ROOT shebang-command@2.0.0 OK for: cross-spawn@7.0.6 want: ^2.0.0
385 silly placeDep ROOT which@2.0.2 OK for: cross-spawn@7.0.6 want: ^2.0.1
386 silly fetch manifest shebang-regex@^3.0.0
387 silly packumentCache full:https://registry.npmjs.org/shebang-regex cache-miss
388 silly fetch manifest isexe@^2.0.0
389 silly packumentCache full:https://registry.npmjs.org/isexe cache-miss
390 http fetch GET 200 https://registry.npmjs.org/isexe 80ms (cache revalidated)
391 silly packumentCache full:https://registry.npmjs.org/isexe set size:19340 disposed:false
392 http fetch GET 200 https://registry.npmjs.org/shebang-regex 101ms (cache revalidated)
393 silly packumentCache full:https://registry.npmjs.org/shebang-regex set size:9763 disposed:false
394 silly placeDep ROOT ms@2.1.3 OK for: debug@4.4.1 want: ^2.1.3
395 silly placeDep ROOT esrecurse@4.3.0 OK for: eslint-scope@8.4.0 want: ^4.3.0
396 silly placeDep ROOT estraverse@5.3.0 OK for: eslint-scope@8.4.0 want: ^5.2.0
397 silly placeDep ROOT acorn@8.15.0 OK for: espree@10.4.0 want: ^8.15.0
398 silly placeDep ROOT acorn-jsx@5.3.2 OK for: espree@10.4.0 want: ^5.3.2
399 silly placeDep ROOT flat-cache@4.0.1 OK for: file-entry-cache@8.0.0 want: ^4.0.0
400 silly fetch manifest keyv@^4.5.4
401 silly packumentCache full:https://registry.npmjs.org/keyv cache-miss
402 silly fetch manifest flatted@^3.2.9
403 silly packumentCache full:https://registry.npmjs.org/flatted cache-miss
404 http fetch GET 200 https://registry.npmjs.org/flatted 134ms (cache miss)
405 silly packumentCache full:https://registry.npmjs.org/flatted set size:undefined disposed:false
406 http fetch GET 200 https://registry.npmjs.org/keyv 140ms (cache miss)
407 silly packumentCache full:https://registry.npmjs.org/keyv set size:undefined disposed:false
408 silly placeDep ROOT locate-path@6.0.0 OK for: find-up@5.0.0 want: ^6.0.0
409 silly placeDep ROOT path-exists@4.0.0 OK for: find-up@5.0.0 want: ^4.0.0
410 silly fetch manifest p-locate@^5.0.0
411 silly packumentCache full:https://registry.npmjs.org/p-locate cache-miss
412 http fetch GET 200 https://registry.npmjs.org/p-locate 75ms (cache miss)
413 silly packumentCache full:https://registry.npmjs.org/p-locate set size:undefined disposed:false
414 silly placeDep ROOT flatted@3.3.3 OK for: flat-cache@4.0.1 want: ^3.2.9
415 silly placeDep ROOT keyv@4.5.4 OK for: flat-cache@4.0.1 want: ^4.5.4
416 silly fetch manifest json-buffer@3.0.1
417 silly packumentCache full:https://registry.npmjs.org/json-buffer cache-miss
418 http fetch GET 200 https://registry.npmjs.org/json-buffer 98ms (cache miss)
419 silly packumentCache full:https://registry.npmjs.org/json-buffer set size:undefined disposed:false
420 silly placeDep ROOT parent-module@1.0.1 OK for: import-fresh@3.3.1 want: ^1.0.0
421 silly placeDep ROOT resolve-from@4.0.0 OK for: import-fresh@3.3.1 want: ^4.0.0
422 silly fetch manifest callsites@^3.0.0
423 silly packumentCache full:https://registry.npmjs.org/callsites cache-miss
424 http fetch GET 200 https://registry.npmjs.org/callsites 85ms (cache revalidated)
425 silly packumentCache full:https://registry.npmjs.org/callsites set size:21349 disposed:false
426 silly placeDep ROOT is-extglob@2.1.1 OK for: is-glob@4.0.3 want: ^2.1.1
427 silly placeDep ROOT argparse@2.0.1 OK for: js-yaml@4.1.0 want: ^2.0.1
428 silly placeDep ROOT json-buffer@3.0.1 OK for: keyv@4.5.4 want: 3.0.1
429 silly placeDep ROOT prelude-ls@1.2.1 OK for: levn@0.4.1 want: ^1.2.1
430 silly placeDep ROOT type-check@0.4.0 OK for: levn@0.4.1 want: ~0.4.0
431 silly placeDep ROOT p-locate@5.0.0 OK for: locate-path@6.0.0 want: ^5.0.0
432 silly fetch manifest p-limit@^3.0.2
433 silly packumentCache full:https://registry.npmjs.org/p-limit cache-miss
434 http fetch GET 200 https://registry.npmjs.org/p-limit 87ms (cache miss)
435 silly packumentCache full:https://registry.npmjs.org/p-limit set size:undefined disposed:false
436 silly placeDep ROOT brace-expansion@1.1.12 OK for: minimatch@3.1.2 want: ^1.1.7
437 silly fetch manifest balanced-match@^1.0.0
438 silly packumentCache full:https://registry.npmjs.org/balanced-match cache-miss
439 silly fetch manifest concat-map@0.0.1
440 silly packumentCache full:https://registry.npmjs.org/concat-map cache-miss
441 http fetch GET 200 https://registry.npmjs.org/concat-map 76ms (cache miss)
442 silly packumentCache full:https://registry.npmjs.org/concat-map set size:undefined disposed:false
443 http fetch GET 200 https://registry.npmjs.org/balanced-match 119ms (cache revalidated)
444 silly packumentCache full:https://registry.npmjs.org/balanced-match set size:33860 disposed:false
445 silly placeDep ROOT balanced-match@1.0.2 OK for: brace-expansion@1.1.12 want: ^1.0.0
446 silly placeDep ROOT concat-map@0.0.1 OK for: brace-expansion@1.1.12 want: 0.0.1
447 silly placeDep ROOT deep-is@0.1.4 OK for: optionator@0.9.4 want: ^0.1.3
448 silly placeDep ROOT fast-levenshtein@2.0.6 OK for: optionator@0.9.4 want: ^2.0.6
449 silly placeDep ROOT word-wrap@1.2.5 OK for: optionator@0.9.4 want: ^1.2.5
450 silly placeDep ROOT p-limit@3.1.0 OK for: p-locate@5.0.0 want: ^3.0.2
451 silly fetch manifest yocto-queue@^0.1.0
452 silly packumentCache full:https://registry.npmjs.org/yocto-queue cache-miss
453 http fetch GET 200 https://registry.npmjs.org/yocto-queue 73ms (cache miss)
454 silly packumentCache full:https://registry.npmjs.org/yocto-queue set size:undefined disposed:false
455 silly placeDep ROOT yocto-queue@0.1.0 OK for: p-limit@3.1.0 want: ^0.1.0
456 silly placeDep ROOT callsites@3.1.0 OK for: parent-module@1.0.1 want: ^3.0.0
457 silly placeDep ROOT shebang-regex@3.0.0 OK for: shebang-command@2.0.0 want: ^3.0.0
458 silly placeDep ROOT has-flag@4.0.0 OK for: supports-color@7.2.0 want: ^4.0.0
459 silly placeDep ROOT punycode@2.3.1 OK for: uri-js@4.4.1 want: ^2.1.0
460 silly placeDep ROOT isexe@2.0.0 OK for: which@2.0.2 want: ^2.0.0
461 silly reify moves {}
462 verbose reify failed optional dependency C:\Users\ASUS\rouss\node_modules\@tailwindcss\oxide-wasm32-wasi
463 silly reify mark deleted [
463 silly reify   'C:\\Users\\ASUS\\rouss\\node_modules\\@tailwindcss\\oxide-wasm32-wasi'
463 silly reify ]
464 verbose reify failed optional dependency C:\Users\ASUS\rouss\node_modules\@emnapi\core
465 silly reify mark deleted [ 'C:\\Users\\ASUS\\rouss\\node_modules\\@emnapi\\core' ]
466 verbose reify failed optional dependency C:\Users\ASUS\rouss\node_modules\@emnapi\wasi-threads
467 silly reify mark deleted [ 'C:\\Users\\ASUS\\rouss\\node_modules\\@emnapi\\wasi-threads' ]
468 verbose reify failed optional dependency C:\Users\ASUS\rouss\node_modules\@napi-rs\wasm-runtime
469 silly reify mark deleted [ 'C:\\Users\\ASUS\\rouss\\node_modules\\@napi-rs\\wasm-runtime' ]
470 verbose reify failed optional dependency C:\Users\ASUS\rouss\node_modules\@tybys\wasm-util
471 silly reify mark deleted [ 'C:\\Users\\ASUS\\rouss\\node_modules\\@tybys\\wasm-util' ]
472 silly audit bulk request {
472 silly audit   '@alloc/quick-lru': [ '5.2.0' ],
472 silly audit   '@ampproject/remapping': [ '2.3.0' ],
472 silly audit   '@babel/runtime': [ '7.28.2' ],
472 silly audit   '@emnapi/core': [ '1.4.5' ],
472 silly audit   '@emnapi/runtime': [ '1.4.5' ],
472 silly audit   '@emnapi/wasi-threads': [ '1.0.4' ],
472 silly audit   '@img/sharp-darwin-arm64': [ '0.34.3' ],
472 silly audit   '@img/sharp-darwin-x64': [ '0.34.3' ],
472 silly audit   '@img/sharp-libvips-darwin-arm64': [ '1.2.0' ],
472 silly audit   '@img/sharp-libvips-darwin-x64': [ '1.2.0' ],
472 silly audit   '@img/sharp-libvips-linux-arm': [ '1.2.0' ],
472 silly audit   '@img/sharp-libvips-linux-arm64': [ '1.2.0' ],
472 silly audit   '@img/sharp-libvips-linux-ppc64': [ '1.2.0' ],
472 silly audit   '@img/sharp-libvips-linux-s390x': [ '1.2.0' ],
472 silly audit   '@img/sharp-libvips-linux-x64': [ '1.2.0' ],
472 silly audit   '@img/sharp-libvips-linuxmusl-arm64': [ '1.2.0' ],
472 silly audit   '@img/sharp-libvips-linuxmusl-x64': [ '1.2.0' ],
472 silly audit   '@img/sharp-linux-arm': [ '0.34.3' ],
472 silly audit   '@img/sharp-linux-arm64': [ '0.34.3' ],
472 silly audit   '@img/sharp-linux-ppc64': [ '0.34.3' ],
472 silly audit   '@img/sharp-linux-s390x': [ '0.34.3' ],
472 silly audit   '@img/sharp-linux-x64': [ '0.34.3' ],
472 silly audit   '@img/sharp-linuxmusl-arm64': [ '0.34.3' ],
472 silly audit   '@img/sharp-linuxmusl-x64': [ '0.34.3' ],
472 silly audit   '@img/sharp-wasm32': [ '0.34.3' ],
472 silly audit   '@img/sharp-win32-arm64': [ '0.34.3' ],
472 silly audit   '@img/sharp-win32-ia32': [ '0.34.3' ],
472 silly audit   '@img/sharp-win32-x64': [ '0.34.3' ],
472 silly audit   '@isaacs/fs-minipass': [ '4.0.1' ],
472 silly audit   '@jridgewell/gen-mapping': [ '0.3.12' ],
472 silly audit   '@jridgewell/resolve-uri': [ '3.1.2' ],
472 silly audit   '@jridgewell/sourcemap-codec': [ '1.5.4' ],
472 silly audit   '@jridgewell/trace-mapping': [ '0.3.29' ],
472 silly audit   '@napi-rs/wasm-runtime': [ '0.2.12' ],
472 silly audit   '@next/env': [ '15.4.4' ],
472 silly audit   '@next/swc-darwin-arm64': [ '15.4.4' ],
472 silly audit   '@next/swc-darwin-x64': [ '15.4.4' ],
472 silly audit   '@next/swc-linux-arm64-gnu': [ '15.4.4' ],
472 silly audit   '@next/swc-linux-arm64-musl': [ '15.4.4' ],
472 silly audit   '@next/swc-linux-x64-gnu': [ '15.4.4' ],
472 silly audit   '@next/swc-linux-x64-musl': [ '15.4.4' ],
472 silly audit   '@next/swc-win32-arm64-msvc': [ '15.4.4' ],
472 silly audit   '@next/swc-win32-x64-msvc': [ '15.4.4' ],
472 silly audit   '@radix-ui/primitive': [ '1.1.2' ],
472 silly audit   '@radix-ui/react-collection': [ '1.1.7' ],
472 silly audit   '@radix-ui/react-compose-refs': [ '1.1.2' ],
472 silly audit   '@radix-ui/react-context': [ '1.1.2' ],
472 silly audit   '@radix-ui/react-direction': [ '1.1.1' ],
472 silly audit   '@radix-ui/react-id': [ '1.1.1' ],
472 silly audit   '@radix-ui/react-presence': [ '1.1.4' ],
472 silly audit   '@radix-ui/react-primitive': [ '2.1.3' ],
472 silly audit   '@radix-ui/react-roving-focus': [ '1.1.10' ],
472 silly audit   '@radix-ui/react-slot': [ '1.2.3' ],
472 silly audit   '@radix-ui/react-tabs': [ '1.1.12' ],
472 silly audit   '@radix-ui/react-use-callback-ref': [ '1.1.1' ],
472 silly audit   '@radix-ui/react-use-controllable-state': [ '1.2.2' ],
472 silly audit   '@radix-ui/react-use-effect-event': [ '0.0.2' ],
472 silly audit   '@radix-ui/react-use-layout-effect': [ '1.1.1' ],
472 silly audit   '@swc/helpers': [ '0.5.15' ],
472 silly audit   '@tabler/icons': [ '3.34.1' ],
472 silly audit   '@tabler/icons-react': [ '3.34.1' ],
472 silly audit   '@tailwindcss/node': [ '4.1.11' ],
472 silly audit   '@tailwindcss/oxide': [ '4.1.11' ],
472 silly audit   '@tailwindcss/oxide-android-arm64': [ '4.1.11' ],
472 silly audit   '@tailwindcss/oxide-darwin-arm64': [ '4.1.11' ],
472 silly audit   '@tailwindcss/oxide-darwin-x64': [ '4.1.11' ],
472 silly audit   '@tailwindcss/oxide-freebsd-x64': [ '4.1.11' ],
472 silly audit   '@tailwindcss/oxide-linux-arm-gnueabihf': [ '4.1.11' ],
472 silly audit   '@tailwindcss/oxide-linux-arm64-gnu': [ '4.1.11' ],
472 silly audit   '@tailwindcss/oxide-linux-arm64-musl': [ '4.1.11' ],
472 silly audit   '@tailwindcss/oxide-linux-x64-gnu': [ '4.1.11' ],
472 silly audit   '@tailwindcss/oxide-linux-x64-musl': [ '4.1.11' ],
472 silly audit   '@tailwindcss/oxide-win32-arm64-msvc': [ '4.1.11' ],
472 silly audit   '@tailwindcss/oxide-win32-x64-msvc': [ '4.1.11' ],
472 silly audit   '@tailwindcss/postcss': [ '4.1.11' ],
472 silly audit   '@tsparticles/basic': [ '3.9.0' ],
472 silly audit   '@tsparticles/engine': [ '3.9.0' ],
472 silly audit   '@tsparticles/interaction-external-attract': [ '3.9.0' ],
472 silly audit   '@tsparticles/interaction-external-bounce': [ '3.9.0' ],
472 silly audit   '@tsparticles/interaction-external-bubble': [ '3.9.0' ],
472 silly audit   '@tsparticles/interaction-external-connect': [ '3.9.0' ],
472 silly audit   '@tsparticles/interaction-external-grab': [ '3.9.0' ],
472 silly audit   '@tsparticles/interaction-external-pause': [ '3.9.0' ],
472 silly audit   '@tsparticles/interaction-external-push': [ '3.9.0' ],
472 silly audit   '@tsparticles/interaction-external-remove': [ '3.9.0' ],
472 silly audit   '@tsparticles/interaction-external-repulse': [ '3.9.0' ],
472 silly audit   '@tsparticles/interaction-external-slow': [ '3.9.0' ],
472 silly audit   '@tsparticles/interaction-particles-attract': [ '3.9.0' ],
472 silly audit   '@tsparticles/interaction-particles-collisions': [ '3.9.0' ],
472 silly audit   '@tsparticles/interaction-particles-links': [ '3.9.0' ],
472 silly audit   '@tsparticles/move-base': [ '3.9.0' ],
472 silly audit   '@tsparticles/move-parallax': [ '3.9.0' ],
472 silly audit   '@tsparticles/plugin-easing-quad': [ '3.9.0' ],
472 silly audit   '@tsparticles/plugin-hex-color': [ '3.9.0' ],
472 silly audit   '@tsparticles/plugin-hsl-color': [ '3.9.0' ],
472 silly audit   '@tsparticles/plugin-rgb-color': [ '3.9.0' ],
472 silly audit   '@tsparticles/react': [ '3.0.0' ],
472 silly audit   '@tsparticles/shape-circle': [ '3.9.0' ],
472 silly audit   '@tsparticles/shape-emoji': [ '3.9.0' ],
472 silly audit   '@tsparticles/shape-image': [ '3.9.0' ],
472 silly audit   '@tsparticles/shape-line': [ '3.9.0' ],
472 silly audit   '@tsparticles/shape-polygon': [ '3.9.0' ],
472 silly audit   '@tsparticles/shape-square': [ '3.9.0' ],
472 silly audit   '@tsparticles/shape-star': [ '3.9.0' ],
472 silly audit   '@tsparticles/slim': [ '3.9.0' ],
472 silly audit   '@tsparticles/updater-color': [ '3.9.0' ],
472 silly audit   '@tsparticles/updater-life': [ '3.9.0' ],
472 silly audit   '@tsparticles/updater-opacity': [ '3.9.0' ],
472 silly audit   '@tsparticles/updater-out-modes': [ '3.9.0' ],
472 silly audit   '@tsparticles/updater-rotate': [ '3.9.0' ],
472 silly audit   '@tsparticles/updater-size': [ '3.9.0' ],
472 silly audit   '@tsparticles/updater-stroke-color': [ '3.9.0' ],
472 silly audit   '@tybys/wasm-util': [ '0.10.0' ],
472 silly audit   '@types/next': [ '8.0.7' ],
472 silly audit   '@types/next-server': [ '8.1.2' ],
472 silly audit   '@types/node': [ '20.19.9' ],
472 silly audit   '@types/node-fetch': [ '2.6.13' ],
472 silly audit   '@types/raf': [ '3.4.3' ],
472 silly audit   '@types/react': [ '19.1.9' ],
472 silly audit   '@types/react-dom': [ '19.1.7' ],
472 silly audit   '@types/react-loadable': [ '5.5.11' ],
472 silly audit   '@types/source-list-map': [ '0.1.6' ],
472 silly audit   '@types/tapable': [ '1.0.12' ],
472 silly audit   '@types/trusted-types': [ '2.0.7' ],
472 silly audit   '@types/uglify-js': [ '3.17.5' ],
472 silly audit   '@types/webpack': [ '4.41.40' ],
472 silly audit   '@types/webpack-sources': [ '3.2.3' ],
472 silly audit   'source-map': [ '0.7.6', '0.6.1' ],
472 silly audit   anymatch: [ '3.1.3' ],
472 silly audit   asynckit: [ '0.4.0' ],
472 silly audit   atob: [ '2.1.2' ],
472 silly audit   autoprefixer: [ '10.4.21' ],
472 silly audit   'base64-arraybuffer': [ '1.0.2' ],
472 silly audit   browserslist: [ '4.25.1' ],
472 silly audit   btoa: [ '1.2.1' ],
472 silly audit   'call-bind-apply-helpers': [ '1.0.2' ],
472 silly audit   camelcase: [ '5.3.1' ],
472 silly audit   'caniuse-lite': [ '1.0.30001731' ],
472 silly audit   canvg: [ '3.0.11' ],
472 silly audit   chownr: [ '3.0.0' ],
472 silly audit   'class-variance-authority': [ '0.7.1' ],
472 silly audit   classnames: [ '2.5.1' ],
472 silly audit   'client-only': [ '0.0.1' ],
472 silly audit   clsx: [ '2.1.1' ],
472 silly audit   color: [ '4.2.3' ],
472 silly audit   'color-convert': [ '2.0.1' ],
472 silly audit   'color-name': [ '1.1.4' ],
472 silly audit   'color-string': [ '1.9.1' ],
472 silly audit   'combined-stream': [ '1.0.8' ],
472 silly audit   'core-js': [ '3.44.0' ],
472 silly audit   'css-line-break': [ '2.1.0' ],
472 silly audit   csstype: [ '3.1.3' ],
472 silly audit   'delayed-stream': [ '1.0.0' ],
472 silly audit   'detect-libc': [ '2.0.4' ],
472 silly audit   dompurify: [ '3.2.6' ],
472 silly audit   'dunder-proto': [ '1.0.1' ],
472 silly audit   'electron-to-chromium': [ '1.5.194' ],
472 silly audit   'enhanced-resolve': [ '5.18.2' ],
472 silly audit   'es-define-property': [ '1.0.1' ],
472 silly audit   'es-errors': [ '1.3.0' ],
472 silly audit   'es-object-atoms': [ '1.1.1' ],
472 silly audit   'es-set-tostringtag': [ '2.1.0' ],
472 silly audit   escalade: [ '3.2.0' ],
472 silly audit   fflate: [ '0.8.2' ],
472 silly audit   'form-data': [ '4.0.4' ],
472 silly audit   'fraction.js': [ '4.3.7' ],
472 silly audit   'framer-motion': [ '12.23.12' ],
472 silly audit   'function-bind': [ '1.1.2' ],
472 silly audit   'get-intrinsic': [ '1.3.0' ],
472 silly audit   'get-proto': [ '1.0.1' ],
472 silly audit   gopd: [ '1.2.0' ],
472 silly audit   'graceful-fs': [ '4.2.11' ],
472 silly audit   'has-symbols': [ '1.1.0' ],
472 silly audit   'has-tostringtag': [ '1.0.2' ],
472 silly audit   hasown: [ '2.0.2' ],
472 silly audit   html2canvas: [ '1.4.1' ],
472 silly audit   'icons-react': [ '3.7.1' ],
472 silly audit   'is-arrayish': [ '0.3.2' ],
472 silly audit   jiti: [ '2.5.1' ],
472 silly audit   'js-tokens': [ '4.0.0' ],
472 silly audit   jspdf: [ '3.0.1' ],
472 silly audit   'keen-slider': [ '6.8.6' ],
472 silly audit   lightningcss: [ '1.30.1' ],
472 silly audit   'lightningcss-darwin-arm64': [ '1.30.1' ],
472 silly audit   'lightningcss-darwin-x64': [ '1.30.1' ],
472 silly audit   'lightningcss-freebsd-x64': [ '1.30.1' ],
472 silly audit   'lightningcss-linux-arm-gnueabihf': [ '1.30.1' ],
472 silly audit   'lightningcss-linux-arm64-gnu': [ '1.30.1' ],
472 silly audit   'lightningcss-linux-arm64-musl': [ '1.30.1' ],
472 silly audit   'lightningcss-linux-x64-gnu': [ '1.30.1' ],
472 silly audit   'lightningcss-linux-x64-musl': [ '1.30.1' ],
472 silly audit   'lightningcss-win32-arm64-msvc': [ '1.30.1' ],
472 silly audit   'lightningcss-win32-x64-msvc': [ '1.30.1' ],
472 silly audit   'loose-envify': [ '1.4.0' ],
472 silly audit   'lucide-react': [ '0.507.0' ],
472 silly audit   'magic-string': [ '0.30.17' ],
472 silly audit   'math-intrinsics': [ '1.1.0' ],
472 silly audit   'mime-db': [ '1.52.0' ],
472 silly audit   'mime-types': [ '2.1.35' ],
472 silly audit   minipass: [ '7.1.2' ],
472 silly audit   minizlib: [ '3.0.2' ],
472 silly audit   mkdirp: [ '3.0.1' ],
472 silly audit   motion: [ '12.23.12' ],
472 silly audit   'motion-dom': [ '12.23.12' ],
472 silly audit   'motion-utils': [ '12.23.6' ],
472 silly audit   nanoid: [ '3.3.11' ],
472 silly audit   next: [ '15.4.4' ],
472 silly audit   postcss: [ '8.4.31', '8.5.6' ],
472 silly audit   'node-releases': [ '2.0.19' ],
472 silly audit   'normalize-path': [ '3.0.0' ],
472 silly audit   'normalize-range': [ '0.1.2' ],
472 silly audit   'object-assign': [ '4.1.1' ],
472 silly audit   'performance-now': [ '2.1.0' ],
472 silly audit   picocolors: [ '1.1.1' ],
472 silly audit   picomatch: [ '2.3.1' ],
472 silly audit   'postcss-value-parser': [ '4.2.0' ],
472 silly audit   'prop-types': [ '15.8.1' ],
472 silly audit   raf: [ '3.4.1' ],
472 silly audit   react: [ '19.1.0' ],
472 silly audit   'react-dom': [ '19.1.0' ],
472 silly audit   'react-easy-swipe': [ '0.0.21' ],
472 silly audit   'react-icons': [ '5.5.0' ],
472 silly audit   'react-is': [ '16.13.1' ],
472 silly audit   'react-responsive-carousel': [ '3.2.23' ],
472 silly audit   'regenerator-runtime': [ '0.13.11' ],
472 silly audit   rgbcolor: [ '1.0.1' ],
472 silly audit   scheduler: [ '0.26.0' ],
472 silly audit   semver: [ '7.7.2' ],
472 silly audit   sharp: [ '0.34.3' ],
472 silly audit   'simple-swizzle': [ '0.2.2' ],
472 silly audit   'source-map-js': [ '1.2.1' ],
472 silly audit   'stackblur-canvas': [ '2.7.0' ],
472 silly audit   'styled-jsx': [ '5.1.6' ],
472 silly audit   'svg-pathdata': [ '6.0.3' ],
472 silly audit   'tailwind-merge': [ '3.3.1' ],
472 silly audit   tailwindcss: [ '4.1.11' ],
472 silly audit   tapable: [ '2.2.2' ],
472 silly audit   tar: [ '7.4.3' ],
472 silly audit   'text-segmentation': [ '1.0.3' ],
472 silly audit   tslib: [ '2.8.1' ],
472 silly audit   'tw-animate-css': [ '1.3.6' ],
472 silly audit   typescript: [ '5.8.3' ],
472 silly audit   'undici-types': [ '6.21.0' ],
472 silly audit   'update-browserslist-db': [ '1.1.3' ],
472 silly audit   utrie: [ '1.0.2' ],
472 silly audit   yallist: [ '5.0.0' ],
472 silly audit   eslint: [ '9.32.0' ],
472 silly audit   '@eslint-community/eslint-utils': [ '4.7.0' ],
472 silly audit   '@eslint-community/regexpp': [ '4.12.1' ],
472 silly audit   '@eslint/config-array': [ '0.21.0' ],
472 silly audit   '@eslint/config-helpers': [ '0.3.0' ],
472 silly audit   '@eslint/core': [ '0.15.1' ],
472 silly audit   '@eslint/eslintrc': [ '3.3.1' ],
472 silly audit   '@eslint/js': [ '9.32.0' ],
472 silly audit   '@eslint/plugin-kit': [ '0.3.4' ],
472 silly audit   '@humanfs/node': [ '0.16.6' ],
472 silly audit   '@humanwhocodes/module-importer': [ '1.0.1' ],
472 silly audit   '@humanwhocodes/retry': [ '0.4.3', '0.3.1' ],
472 silly audit   '@types/estree': [ '1.0.8' ],
472 silly audit   '@types/json-schema': [ '7.0.15' ],
472 silly audit   ajv: [ '6.12.6' ],
472 silly audit   chalk: [ '4.1.2' ],
472 silly audit   'cross-spawn': [ '7.0.6' ],
472 silly audit   debug: [ '4.4.1' ],
472 silly audit   'escape-string-regexp': [ '4.0.0' ],
472 silly audit   'eslint-scope': [ '8.4.0' ],
472 silly audit   'eslint-visitor-keys': [ '4.2.1', '3.4.3' ],
472 silly audit   espree: [ '10.4.0' ],
472 silly audit   esquery: [ '1.6.0' ],
472 silly audit   esutils: [ '2.0.3' ],
472 silly audit   'fast-deep-equal': [ '3.1.3' ],
472 silly audit   'file-entry-cache': [ '8.0.0' ],
472 silly audit   'find-up': [ '5.0.0' ],
472 silly audit   'glob-parent': [ '6.0.2' ],
472 silly audit   ignore: [ '5.3.2' ],
472 silly audit   imurmurhash: [ '0.1.4' ],
472 silly audit   'is-glob': [ '4.0.3' ],
472 silly audit   'json-stable-stringify-without-jsonify': [ '1.0.1' ],
472 silly audit   'lodash.merge': [ '4.6.2' ],
472 silly audit   minimatch: [ '3.1.2' ],
472 silly audit   'natural-compare': [ '1.4.0' ],
472 silly audit   optionator: [ '0.9.4' ],
472 silly audit   '@eslint/object-schema': [ '2.1.6' ],
472 silly audit   globals: [ '14.0.0' ],
472 silly audit   'import-fresh': [ '3.3.1' ],
472 silly audit   'js-yaml': [ '4.1.0' ],
472 silly audit   'strip-json-comments': [ '3.1.1' ],
472 silly audit   levn: [ '0.4.1' ],
472 silly audit   '@humanfs/core': [ '0.19.1' ],
472 silly audit   'fast-json-stable-stringify': [ '2.1.0' ],
472 silly audit   'json-schema-traverse': [ '0.4.1' ],
472 silly audit   'uri-js': [ '4.4.1' ],
472 silly audit   'ansi-styles': [ '4.3.0' ],
472 silly audit   'supports-color': [ '7.2.0' ],
472 silly audit   'path-key': [ '3.1.1' ],
472 silly audit   'shebang-command': [ '2.0.0' ],
472 silly audit   which: [ '2.0.2' ],
472 silly audit   ms: [ '2.1.3' ],
472 silly audit   esrecurse: [ '4.3.0' ],
472 silly audit   estraverse: [ '5.3.0' ],
472 silly audit   acorn: [ '8.15.0' ],
472 silly audit   'acorn-jsx': [ '5.3.2' ],
472 silly audit   'flat-cache': [ '4.0.1' ],
472 silly audit   'locate-path': [ '6.0.0' ],
472 silly audit   'path-exists': [ '4.0.0' ],
472 silly audit   flatted: [ '3.3.3' ],
472 silly audit   keyv: [ '4.5.4' ],
472 silly audit   'parent-module': [ '1.0.1' ],
472 silly audit   'resolve-from': [ '4.0.0' ],
472 silly audit   'is-extglob': [ '2.1.1' ],
472 silly audit   argparse: [ '2.0.1' ],
472 silly audit   'json-buffer': [ '3.0.1' ],
472 silly audit   'prelude-ls': [ '1.2.1' ],
472 silly audit   'type-check': [ '0.4.0' ],
472 silly audit   'p-locate': [ '5.0.0' ],
472 silly audit   'brace-expansion': [ '1.1.12' ],
472 silly audit   'balanced-match': [ '1.0.2' ],
472 silly audit   'concat-map': [ '0.0.1' ],
472 silly audit   'deep-is': [ '0.1.4' ],
472 silly audit   'fast-levenshtein': [ '2.0.6' ],
472 silly audit   'word-wrap': [ '1.2.5' ],
472 silly audit   'p-limit': [ '3.1.0' ],
472 silly audit   'yocto-queue': [ '0.1.0' ],
472 silly audit   callsites: [ '3.1.0' ],
472 silly audit   'shebang-regex': [ '3.0.0' ],
472 silly audit   'has-flag': [ '4.0.0' ],
472 silly audit   punycode: [ '2.3.1' ],
472 silly audit   isexe: [ '2.0.0' ],
472 silly audit   '@tailwindcss/oxide-wasm32-wasi': [ '4.1.11' ]
472 silly audit }
473 verbose reify failed optional dependency C:\Users\ASUS\rouss\node_modules\lightningcss-win32-arm64-msvc
474 silly reify mark deleted [
474 silly reify   'C:\\Users\\ASUS\\rouss\\node_modules\\lightningcss-win32-arm64-msvc'
474 silly reify ]
475 verbose reify failed optional dependency C:\Users\ASUS\rouss\node_modules\lightningcss-linux-x64-musl
476 silly reify mark deleted [ 'C:\\Users\\ASUS\\rouss\\node_modules\\lightningcss-linux-x64-musl' ]
477 verbose reify failed optional dependency C:\Users\ASUS\rouss\node_modules\lightningcss-linux-x64-gnu
478 silly reify mark deleted [ 'C:\\Users\\ASUS\\rouss\\node_modules\\lightningcss-linux-x64-gnu' ]
479 verbose reify failed optional dependency C:\Users\ASUS\rouss\node_modules\lightningcss-linux-arm64-musl
480 silly reify mark deleted [
480 silly reify   'C:\\Users\\ASUS\\rouss\\node_modules\\lightningcss-linux-arm64-musl'
480 silly reify ]
481 verbose reify failed optional dependency C:\Users\ASUS\rouss\node_modules\lightningcss-linux-arm64-gnu
482 silly reify mark deleted [
482 silly reify   'C:\\Users\\ASUS\\rouss\\node_modules\\lightningcss-linux-arm64-gnu'
482 silly reify ]
483 verbose reify failed optional dependency C:\Users\ASUS\rouss\node_modules\lightningcss-linux-arm-gnueabihf
484 silly reify mark deleted [
484 silly reify   'C:\\Users\\ASUS\\rouss\\node_modules\\lightningcss-linux-arm-gnueabihf'
484 silly reify ]
485 verbose reify failed optional dependency C:\Users\ASUS\rouss\node_modules\lightningcss-freebsd-x64
486 silly reify mark deleted [ 'C:\\Users\\ASUS\\rouss\\node_modules\\lightningcss-freebsd-x64' ]
487 verbose reify failed optional dependency C:\Users\ASUS\rouss\node_modules\lightningcss-darwin-x64
488 silly reify mark deleted [ 'C:\\Users\\ASUS\\rouss\\node_modules\\lightningcss-darwin-x64' ]
489 verbose reify failed optional dependency C:\Users\ASUS\rouss\node_modules\lightningcss-darwin-arm64
490 silly reify mark deleted [ 'C:\\Users\\ASUS\\rouss\\node_modules\\lightningcss-darwin-arm64' ]
491 verbose reify failed optional dependency C:\Users\ASUS\rouss\node_modules\@tailwindcss\oxide-win32-arm64-msvc
492 silly reify mark deleted [
492 silly reify   'C:\\Users\\ASUS\\rouss\\node_modules\\@tailwindcss\\oxide-win32-arm64-msvc'
492 silly reify ]
493 verbose reify failed optional dependency C:\Users\ASUS\rouss\node_modules\@tailwindcss\oxide-linux-x64-musl
494 silly reify mark deleted [
494 silly reify   'C:\\Users\\ASUS\\rouss\\node_modules\\@tailwindcss\\oxide-linux-x64-musl'
494 silly reify ]
495 verbose reify failed optional dependency C:\Users\ASUS\rouss\node_modules\@tailwindcss\oxide-linux-x64-gnu
496 silly reify mark deleted [
496 silly reify   'C:\\Users\\ASUS\\rouss\\node_modules\\@tailwindcss\\oxide-linux-x64-gnu'
496 silly reify ]
497 verbose reify failed optional dependency C:\Users\ASUS\rouss\node_modules\@tailwindcss\oxide-linux-arm64-musl
498 silly reify mark deleted [
498 silly reify   'C:\\Users\\ASUS\\rouss\\node_modules\\@tailwindcss\\oxide-linux-arm64-musl'
498 silly reify ]
499 verbose reify failed optional dependency C:\Users\ASUS\rouss\node_modules\@tailwindcss\oxide-linux-arm64-gnu
500 silly reify mark deleted [
500 silly reify   'C:\\Users\\ASUS\\rouss\\node_modules\\@tailwindcss\\oxide-linux-arm64-gnu'
500 silly reify ]
501 verbose reify failed optional dependency C:\Users\ASUS\rouss\node_modules\@tailwindcss\oxide-linux-arm-gnueabihf
502 silly reify mark deleted [
502 silly reify   'C:\\Users\\ASUS\\rouss\\node_modules\\@tailwindcss\\oxide-linux-arm-gnueabihf'
502 silly reify ]
503 verbose reify failed optional dependency C:\Users\ASUS\rouss\node_modules\@tailwindcss\oxide-freebsd-x64
504 silly reify mark deleted [
504 silly reify   'C:\\Users\\ASUS\\rouss\\node_modules\\@tailwindcss\\oxide-freebsd-x64'
504 silly reify ]
505 verbose reify failed optional dependency C:\Users\ASUS\rouss\node_modules\@tailwindcss\oxide-darwin-x64
506 silly reify mark deleted [
506 silly reify   'C:\\Users\\ASUS\\rouss\\node_modules\\@tailwindcss\\oxide-darwin-x64'
506 silly reify ]
507 verbose reify failed optional dependency C:\Users\ASUS\rouss\node_modules\@tailwindcss\oxide-darwin-arm64
508 silly reify mark deleted [
508 silly reify   'C:\\Users\\ASUS\\rouss\\node_modules\\@tailwindcss\\oxide-darwin-arm64'
508 silly reify ]
509 verbose reify failed optional dependency C:\Users\ASUS\rouss\node_modules\@tailwindcss\oxide-android-arm64
510 silly reify mark deleted [
510 silly reify   'C:\\Users\\ASUS\\rouss\\node_modules\\@tailwindcss\\oxide-android-arm64'
510 silly reify ]
511 verbose reify failed optional dependency C:\Users\ASUS\rouss\node_modules\@next\swc-win32-arm64-msvc
512 silly reify mark deleted [ 'C:\\Users\\ASUS\\rouss\\node_modules\\@next\\swc-win32-arm64-msvc' ]
513 verbose reify failed optional dependency C:\Users\ASUS\rouss\node_modules\@next\swc-linux-x64-musl
514 silly reify mark deleted [ 'C:\\Users\\ASUS\\rouss\\node_modules\\@next\\swc-linux-x64-musl' ]
515 verbose reify failed optional dependency C:\Users\ASUS\rouss\node_modules\@next\swc-linux-x64-gnu
516 silly reify mark deleted [ 'C:\\Users\\ASUS\\rouss\\node_modules\\@next\\swc-linux-x64-gnu' ]
517 verbose reify failed optional dependency C:\Users\ASUS\rouss\node_modules\@next\swc-linux-arm64-musl
518 silly reify mark deleted [ 'C:\\Users\\ASUS\\rouss\\node_modules\\@next\\swc-linux-arm64-musl' ]
519 verbose reify failed optional dependency C:\Users\ASUS\rouss\node_modules\@next\swc-linux-arm64-gnu
520 silly reify mark deleted [ 'C:\\Users\\ASUS\\rouss\\node_modules\\@next\\swc-linux-arm64-gnu' ]
521 verbose reify failed optional dependency C:\Users\ASUS\rouss\node_modules\@next\swc-darwin-x64
522 silly reify mark deleted [ 'C:\\Users\\ASUS\\rouss\\node_modules\\@next\\swc-darwin-x64' ]
523 verbose reify failed optional dependency C:\Users\ASUS\rouss\node_modules\@next\swc-darwin-arm64
524 silly reify mark deleted [ 'C:\\Users\\ASUS\\rouss\\node_modules\\@next\\swc-darwin-arm64' ]
525 verbose reify failed optional dependency C:\Users\ASUS\rouss\node_modules\@img\sharp-win32-ia32
526 silly reify mark deleted [ 'C:\\Users\\ASUS\\rouss\\node_modules\\@img\\sharp-win32-ia32' ]
527 verbose reify failed optional dependency C:\Users\ASUS\rouss\node_modules\@img\sharp-win32-arm64
528 silly reify mark deleted [ 'C:\\Users\\ASUS\\rouss\\node_modules\\@img\\sharp-win32-arm64' ]
529 verbose reify failed optional dependency C:\Users\ASUS\rouss\node_modules\@img\sharp-wasm32
530 silly reify mark deleted [ 'C:\\Users\\ASUS\\rouss\\node_modules\\@img\\sharp-wasm32' ]
531 verbose reify failed optional dependency C:\Users\ASUS\rouss\node_modules\@img\sharp-linuxmusl-x64
532 silly reify mark deleted [ 'C:\\Users\\ASUS\\rouss\\node_modules\\@img\\sharp-linuxmusl-x64' ]
533 verbose reify failed optional dependency C:\Users\ASUS\rouss\node_modules\@img\sharp-linuxmusl-arm64
534 silly reify mark deleted [ 'C:\\Users\\ASUS\\rouss\\node_modules\\@img\\sharp-linuxmusl-arm64' ]
535 verbose reify failed optional dependency C:\Users\ASUS\rouss\node_modules\@img\sharp-linux-x64
536 silly reify mark deleted [ 'C:\\Users\\ASUS\\rouss\\node_modules\\@img\\sharp-linux-x64' ]
537 verbose reify failed optional dependency C:\Users\ASUS\rouss\node_modules\@img\sharp-linux-s390x
538 silly reify mark deleted [ 'C:\\Users\\ASUS\\rouss\\node_modules\\@img\\sharp-linux-s390x' ]
539 verbose reify failed optional dependency C:\Users\ASUS\rouss\node_modules\@img\sharp-linux-ppc64
540 silly reify mark deleted [ 'C:\\Users\\ASUS\\rouss\\node_modules\\@img\\sharp-linux-ppc64' ]
541 verbose reify failed optional dependency C:\Users\ASUS\rouss\node_modules\@img\sharp-linux-arm64
542 silly reify mark deleted [ 'C:\\Users\\ASUS\\rouss\\node_modules\\@img\\sharp-linux-arm64' ]
543 verbose reify failed optional dependency C:\Users\ASUS\rouss\node_modules\@img\sharp-linux-arm
544 silly reify mark deleted [ 'C:\\Users\\ASUS\\rouss\\node_modules\\@img\\sharp-linux-arm' ]
545 verbose reify failed optional dependency C:\Users\ASUS\rouss\node_modules\@img\sharp-libvips-linuxmusl-x64
546 silly reify mark deleted [
546 silly reify   'C:\\Users\\ASUS\\rouss\\node_modules\\@img\\sharp-libvips-linuxmusl-x64'
546 silly reify ]
547 verbose reify failed optional dependency C:\Users\ASUS\rouss\node_modules\@img\sharp-libvips-linuxmusl-arm64
548 silly reify mark deleted [
548 silly reify   'C:\\Users\\ASUS\\rouss\\node_modules\\@img\\sharp-libvips-linuxmusl-arm64'
548 silly reify ]
549 verbose reify failed optional dependency C:\Users\ASUS\rouss\node_modules\@img\sharp-libvips-linux-x64
550 silly reify mark deleted [
550 silly reify   'C:\\Users\\ASUS\\rouss\\node_modules\\@img\\sharp-libvips-linux-x64'
550 silly reify ]
551 verbose reify failed optional dependency C:\Users\ASUS\rouss\node_modules\@img\sharp-libvips-linux-s390x
552 silly reify mark deleted [
552 silly reify   'C:\\Users\\ASUS\\rouss\\node_modules\\@img\\sharp-libvips-linux-s390x'
552 silly reify ]
553 verbose reify failed optional dependency C:\Users\ASUS\rouss\node_modules\@img\sharp-libvips-linux-ppc64
554 silly reify mark deleted [
554 silly reify   'C:\\Users\\ASUS\\rouss\\node_modules\\@img\\sharp-libvips-linux-ppc64'
554 silly reify ]
555 verbose reify failed optional dependency C:\Users\ASUS\rouss\node_modules\@img\sharp-libvips-linux-arm64
556 silly reify mark deleted [
556 silly reify   'C:\\Users\\ASUS\\rouss\\node_modules\\@img\\sharp-libvips-linux-arm64'
556 silly reify ]
557 verbose reify failed optional dependency C:\Users\ASUS\rouss\node_modules\@img\sharp-libvips-linux-arm
558 silly reify mark deleted [
558 silly reify   'C:\\Users\\ASUS\\rouss\\node_modules\\@img\\sharp-libvips-linux-arm'
558 silly reify ]
559 verbose reify failed optional dependency C:\Users\ASUS\rouss\node_modules\@img\sharp-libvips-darwin-x64
560 silly reify mark deleted [
560 silly reify   'C:\\Users\\ASUS\\rouss\\node_modules\\@img\\sharp-libvips-darwin-x64'
560 silly reify ]
561 verbose reify failed optional dependency C:\Users\ASUS\rouss\node_modules\@img\sharp-libvips-darwin-arm64
562 silly reify mark deleted [
562 silly reify   'C:\\Users\\ASUS\\rouss\\node_modules\\@img\\sharp-libvips-darwin-arm64'
562 silly reify ]
563 verbose reify failed optional dependency C:\Users\ASUS\rouss\node_modules\@img\sharp-darwin-x64
564 silly reify mark deleted [ 'C:\\Users\\ASUS\\rouss\\node_modules\\@img\\sharp-darwin-x64' ]
565 verbose reify failed optional dependency C:\Users\ASUS\rouss\node_modules\@img\sharp-darwin-arm64
566 silly reify mark deleted [ 'C:\\Users\\ASUS\\rouss\\node_modules\\@img\\sharp-darwin-arm64' ]
567 http cache isexe@https://registry.npmjs.org/isexe/-/isexe-2.0.0.tgz 0ms (cache hit)
568 http cache has-flag@https://registry.npmjs.org/has-flag/-/has-flag-4.0.0.tgz 0ms (cache hit)
569 http cache yocto-queue@https://registry.npmjs.org/yocto-queue/-/yocto-queue-0.1.0.tgz 0ms (cache hit)
570 http cache punycode@https://registry.npmjs.org/punycode/-/punycode-2.3.1.tgz 0ms (cache hit)
571 http cache callsites@https://registry.npmjs.org/callsites/-/callsites-3.1.0.tgz 0ms (cache hit)
572 http cache p-limit@https://registry.npmjs.org/p-limit/-/p-limit-3.1.0.tgz 0ms (cache hit)
573 http cache fast-levenshtein@https://registry.npmjs.org/fast-levenshtein/-/fast-levenshtein-2.0.6.tgz 0ms (cache hit)
574 http cache word-wrap@https://registry.npmjs.org/word-wrap/-/word-wrap-1.2.5.tgz 0ms (cache hit)
575 http cache deep-is@https://registry.npmjs.org/deep-is/-/deep-is-0.1.4.tgz 0ms (cache hit)
576 http cache concat-map@https://registry.npmjs.org/concat-map/-/concat-map-0.0.1.tgz 0ms (cache hit)
577 http cache shebang-regex@https://registry.npmjs.org/shebang-regex/-/shebang-regex-3.0.0.tgz 0ms (cache hit)
578 http cache p-locate@https://registry.npmjs.org/p-locate/-/p-locate-5.0.0.tgz 0ms (cache hit)
579 http cache balanced-match@https://registry.npmjs.org/balanced-match/-/balanced-match-1.0.2.tgz 0ms (cache hit)
580 http cache brace-expansion@https://registry.npmjs.org/brace-expansion/-/brace-expansion-1.1.12.tgz 0ms (cache hit)
581 http cache prelude-ls@https://registry.npmjs.org/prelude-ls/-/prelude-ls-1.2.1.tgz 1ms (cache hit)
582 http cache json-buffer@https://registry.npmjs.org/json-buffer/-/json-buffer-3.0.1.tgz 0ms (cache hit)
583 http cache type-check@https://registry.npmjs.org/type-check/-/type-check-0.4.0.tgz 0ms (cache hit)
584 http cache resolve-from@https://registry.npmjs.org/resolve-from/-/resolve-from-4.0.0.tgz 0ms (cache hit)
585 http cache parent-module@https://registry.npmjs.org/parent-module/-/parent-module-1.0.1.tgz 0ms (cache hit)
586 http cache argparse@https://registry.npmjs.org/argparse/-/argparse-2.0.1.tgz 0ms (cache hit)
587 http cache path-exists@https://registry.npmjs.org/path-exists/-/path-exists-4.0.0.tgz 0ms (cache hit)
588 http cache flatted@https://registry.npmjs.org/flatted/-/flatted-3.3.3.tgz 0ms (cache hit)
589 http cache is-extglob@https://registry.npmjs.org/is-extglob/-/is-extglob-2.1.1.tgz 0ms (cache hit)
590 http cache flat-cache@https://registry.npmjs.org/flat-cache/-/flat-cache-4.0.1.tgz 0ms (cache hit)
591 http cache keyv@https://registry.npmjs.org/keyv/-/keyv-4.5.4.tgz 0ms (cache hit)
592 http cache locate-path@https://registry.npmjs.org/locate-path/-/locate-path-6.0.0.tgz 0ms (cache hit)
593 http cache acorn@https://registry.npmjs.org/acorn/-/acorn-8.15.0.tgz 0ms (cache hit)
594 http cache acorn-jsx@https://registry.npmjs.org/acorn-jsx/-/acorn-jsx-5.3.2.tgz 0ms (cache hit)
595 http cache estraverse@https://registry.npmjs.org/estraverse/-/estraverse-5.3.0.tgz 0ms (cache hit)
596 http cache ms@https://registry.npmjs.org/ms/-/ms-2.1.3.tgz 0ms (cache hit)
597 http cache esrecurse@https://registry.npmjs.org/esrecurse/-/esrecurse-4.3.0.tgz 0ms (cache hit)
598 http cache which@https://registry.npmjs.org/which/-/which-2.0.2.tgz 0ms (cache hit)
599 http cache shebang-command@https://registry.npmjs.org/shebang-command/-/shebang-command-2.0.0.tgz 0ms (cache hit)
600 http cache path-key@https://registry.npmjs.org/path-key/-/path-key-3.1.1.tgz 0ms (cache hit)
601 http cache @humanfs/core@https://registry.npmjs.org/@humanfs/core/-/core-0.19.1.tgz 0ms (cache hit)
602 http cache supports-color@https://registry.npmjs.org/supports-color/-/supports-color-7.2.0.tgz 0ms (cache hit)
603 http cache uri-js@https://registry.npmjs.org/uri-js/-/uri-js-4.4.1.tgz 0ms (cache hit)
604 http cache levn@https://registry.npmjs.org/levn/-/levn-0.4.1.tgz 0ms (cache hit)
605 http cache ansi-styles@https://registry.npmjs.org/ansi-styles/-/ansi-styles-4.3.0.tgz 0ms (cache hit)
606 http cache json-schema-traverse@https://registry.npmjs.org/json-schema-traverse/-/json-schema-traverse-0.4.1.tgz 0ms (cache hit)
607 http cache js-yaml@https://registry.npmjs.org/js-yaml/-/js-yaml-4.1.0.tgz 0ms (cache hit)
608 http cache fast-json-stable-stringify@https://registry.npmjs.org/fast-json-stable-stringify/-/fast-json-stable-stringify-2.1.0.tgz 0ms (cache hit)
609 http cache @eslint/object-schema@https://registry.npmjs.org/@eslint/object-schema/-/object-schema-2.1.6.tgz 0ms (cache hit)
610 http cache strip-json-comments@https://registry.npmjs.org/strip-json-comments/-/strip-json-comments-3.1.1.tgz 0ms (cache hit)
611 http cache import-fresh@https://registry.npmjs.org/import-fresh/-/import-fresh-3.3.1.tgz 0ms (cache hit)
612 http cache globals@https://registry.npmjs.org/globals/-/globals-14.0.0.tgz 0ms (cache hit)
613 http cache natural-compare@https://registry.npmjs.org/natural-compare/-/natural-compare-1.4.0.tgz 0ms (cache hit)
614 http cache optionator@https://registry.npmjs.org/optionator/-/optionator-0.9.4.tgz 0ms (cache hit)
615 http cache minimatch@https://registry.npmjs.org/minimatch/-/minimatch-3.1.2.tgz 0ms (cache hit)
616 http cache json-stable-stringify-without-jsonify@https://registry.npmjs.org/json-stable-stringify-without-jsonify/-/json-stable-stringify-without-jsonify-1.0.1.tgz 0ms (cache hit)
617 http cache lodash.merge@https://registry.npmjs.org/lodash.merge/-/lodash.merge-4.6.2.tgz 0ms (cache hit)
618 http cache imurmurhash@https://registry.npmjs.org/imurmurhash/-/imurmurhash-0.1.4.tgz 0ms (cache hit)
619 http cache ignore@https://registry.npmjs.org/ignore/-/ignore-5.3.2.tgz 0ms (cache hit)
620 http cache is-glob@https://registry.npmjs.org/is-glob/-/is-glob-4.0.3.tgz 0ms (cache hit)
621 http cache glob-parent@https://registry.npmjs.org/glob-parent/-/glob-parent-6.0.2.tgz 0ms (cache hit)
622 http cache find-up@https://registry.npmjs.org/find-up/-/find-up-5.0.0.tgz 0ms (cache hit)
623 http cache file-entry-cache@https://registry.npmjs.org/file-entry-cache/-/file-entry-cache-8.0.0.tgz 0ms (cache hit)
624 http cache fast-deep-equal@https://registry.npmjs.org/fast-deep-equal/-/fast-deep-equal-3.1.3.tgz 0ms (cache hit)
625 http cache esutils@https://registry.npmjs.org/esutils/-/esutils-2.0.3.tgz 0ms (cache hit)
626 http cache esquery@https://registry.npmjs.org/esquery/-/esquery-1.6.0.tgz 0ms (cache hit)
627 http cache eslint-visitor-keys@https://registry.npmjs.org/eslint-visitor-keys/-/eslint-visitor-keys-4.2.1.tgz 0ms (cache hit)
628 http cache espree@https://registry.npmjs.org/espree/-/espree-10.4.0.tgz 0ms (cache hit)
629 http cache escape-string-regexp@https://registry.npmjs.org/escape-string-regexp/-/escape-string-regexp-4.0.0.tgz 0ms (cache hit)
630 http cache eslint-scope@https://registry.npmjs.org/eslint-scope/-/eslint-scope-8.4.0.tgz 0ms (cache hit)
631 http cache debug@https://registry.npmjs.org/debug/-/debug-4.4.1.tgz 0ms (cache hit)
632 http cache @types/estree@https://registry.npmjs.org/@types/estree/-/estree-1.0.8.tgz 0ms (cache hit)
633 http cache @types/json-schema@https://registry.npmjs.org/@types/json-schema/-/json-schema-7.0.15.tgz 0ms (cache hit)
634 http cache chalk@https://registry.npmjs.org/chalk/-/chalk-4.1.2.tgz 0ms (cache hit)
635 http cache cross-spawn@https://registry.npmjs.org/cross-spawn/-/cross-spawn-7.0.6.tgz 0ms (cache hit)
636 http cache ajv@https://registry.npmjs.org/ajv/-/ajv-6.12.6.tgz 0ms (cache hit)
637 http cache @eslint/plugin-kit@https://registry.npmjs.org/@eslint/plugin-kit/-/plugin-kit-0.3.4.tgz 0ms (cache hit)
638 http cache @humanwhocodes/retry@https://registry.npmjs.org/@humanwhocodes/retry/-/retry-0.4.3.tgz 0ms (cache hit)
639 http cache @humanfs/node@https://registry.npmjs.org/@humanfs/node/-/node-0.16.6.tgz 0ms (cache hit)
640 http cache @eslint/eslintrc@https://registry.npmjs.org/@eslint/eslintrc/-/eslintrc-3.3.1.tgz 0ms (cache hit)
641 http cache @eslint/core@https://registry.npmjs.org/@eslint/core/-/core-0.15.1.tgz 0ms (cache hit)
642 http cache @humanwhocodes/module-importer@https://registry.npmjs.org/@humanwhocodes/module-importer/-/module-importer-1.0.1.tgz 0ms (cache hit)
643 http cache @eslint/js@https://registry.npmjs.org/@eslint/js/-/js-9.32.0.tgz 0ms (cache hit)
644 http cache @eslint-community/regexpp@https://registry.npmjs.org/@eslint-community/regexpp/-/regexpp-4.12.1.tgz 0ms (cache hit)
645 http cache @eslint/config-array@https://registry.npmjs.org/@eslint/config-array/-/config-array-0.21.0.tgz 0ms (cache hit)
646 http cache @eslint/config-helpers@https://registry.npmjs.org/@eslint/config-helpers/-/config-helpers-0.3.0.tgz 0ms (cache hit)
647 http cache eslint@https://registry.npmjs.org/eslint/-/eslint-9.32.0.tgz 0ms (cache hit)
648 http cache @humanwhocodes/retry@https://registry.npmjs.org/@humanwhocodes/retry/-/retry-0.3.1.tgz 0ms (cache hit)
649 http cache @eslint-community/eslint-utils@https://registry.npmjs.org/@eslint-community/eslint-utils/-/eslint-utils-4.7.0.tgz 0ms (cache hit)
650 silly tarball no local data for has-flag@https://registry.npmjs.org/has-flag/-/has-flag-4.0.0.tgz. Extracting by manifest.
651 http cache eslint-visitor-keys@https://registry.npmjs.org/eslint-visitor-keys/-/eslint-visitor-keys-3.4.3.tgz 0ms (cache hit)
652 silly tarball no local data for yocto-queue@https://registry.npmjs.org/yocto-queue/-/yocto-queue-0.1.0.tgz. Extracting by manifest.
653 silly tarball no local data for p-limit@https://registry.npmjs.org/p-limit/-/p-limit-3.1.0.tgz. Extracting by manifest.
654 silly tarball no local data for fast-levenshtein@https://registry.npmjs.org/fast-levenshtein/-/fast-levenshtein-2.0.6.tgz. Extracting by manifest.
655 silly tarball no local data for word-wrap@https://registry.npmjs.org/word-wrap/-/word-wrap-1.2.5.tgz. Extracting by manifest.
656 silly tarball no local data for deep-is@https://registry.npmjs.org/deep-is/-/deep-is-0.1.4.tgz. Extracting by manifest.
657 silly tarball no local data for concat-map@https://registry.npmjs.org/concat-map/-/concat-map-0.0.1.tgz. Extracting by manifest.
658 silly tarball no local data for p-locate@https://registry.npmjs.org/p-locate/-/p-locate-5.0.0.tgz. Extracting by manifest.
659 silly tarball no local data for brace-expansion@https://registry.npmjs.org/brace-expansion/-/brace-expansion-1.1.12.tgz. Extracting by manifest.
660 silly tarball no local data for prelude-ls@https://registry.npmjs.org/prelude-ls/-/prelude-ls-1.2.1.tgz. Extracting by manifest.
661 silly tarball no local data for json-buffer@https://registry.npmjs.org/json-buffer/-/json-buffer-3.0.1.tgz. Extracting by manifest.
662 silly tarball no local data for type-check@https://registry.npmjs.org/type-check/-/type-check-0.4.0.tgz. Extracting by manifest.
663 silly tarball no local data for path-exists@https://registry.npmjs.org/path-exists/-/path-exists-4.0.0.tgz. Extracting by manifest.
664 silly tarball no local data for flatted@https://registry.npmjs.org/flatted/-/flatted-3.3.3.tgz. Extracting by manifest.
665 silly tarball no local data for flat-cache@https://registry.npmjs.org/flat-cache/-/flat-cache-4.0.1.tgz. Extracting by manifest.
666 silly tarball no local data for keyv@https://registry.npmjs.org/keyv/-/keyv-4.5.4.tgz. Extracting by manifest.
667 silly tarball no local data for locate-path@https://registry.npmjs.org/locate-path/-/locate-path-6.0.0.tgz. Extracting by manifest.
668 silly tarball no local data for acorn@https://registry.npmjs.org/acorn/-/acorn-8.15.0.tgz. Extracting by manifest.
669 silly tarball no local data for acorn-jsx@https://registry.npmjs.org/acorn-jsx/-/acorn-jsx-5.3.2.tgz. Extracting by manifest.
670 silly tarball no local data for estraverse@https://registry.npmjs.org/estraverse/-/estraverse-5.3.0.tgz. Extracting by manifest.
671 silly tarball no local data for esrecurse@https://registry.npmjs.org/esrecurse/-/esrecurse-4.3.0.tgz. Extracting by manifest.
672 silly tarball no local data for @humanfs/core@https://registry.npmjs.org/@humanfs/core/-/core-0.19.1.tgz. Extracting by manifest.
673 silly tarball no local data for supports-color@https://registry.npmjs.org/supports-color/-/supports-color-7.2.0.tgz. Extracting by manifest.
674 silly tarball no local data for levn@https://registry.npmjs.org/levn/-/levn-0.4.1.tgz. Extracting by manifest.
675 silly tarball no local data for @eslint/object-schema@https://registry.npmjs.org/@eslint/object-schema/-/object-schema-2.1.6.tgz. Extracting by manifest.
676 silly tarball no local data for strip-json-comments@https://registry.npmjs.org/strip-json-comments/-/strip-json-comments-3.1.1.tgz. Extracting by manifest.
677 silly tarball no local data for globals@https://registry.npmjs.org/globals/-/globals-14.0.0.tgz. Extracting by manifest.
678 silly tarball no local data for natural-compare@https://registry.npmjs.org/natural-compare/-/natural-compare-1.4.0.tgz. Extracting by manifest.
679 silly tarball no local data for optionator@https://registry.npmjs.org/optionator/-/optionator-0.9.4.tgz. Extracting by manifest.
680 silly tarball no local data for minimatch@https://registry.npmjs.org/minimatch/-/minimatch-3.1.2.tgz. Extracting by manifest.
681 silly tarball no local data for json-stable-stringify-without-jsonify@https://registry.npmjs.org/json-stable-stringify-without-jsonify/-/json-stable-stringify-without-jsonify-1.0.1.tgz. Extracting by manifest.
682 silly tarball no local data for lodash.merge@https://registry.npmjs.org/lodash.merge/-/lodash.merge-4.6.2.tgz. Extracting by manifest.
683 silly tarball no local data for imurmurhash@https://registry.npmjs.org/imurmurhash/-/imurmurhash-0.1.4.tgz. Extracting by manifest.
684 silly tarball no local data for ignore@https://registry.npmjs.org/ignore/-/ignore-5.3.2.tgz. Extracting by manifest.
685 silly tarball no local data for glob-parent@https://registry.npmjs.org/glob-parent/-/glob-parent-6.0.2.tgz. Extracting by manifest.
686 silly tarball no local data for find-up@https://registry.npmjs.org/find-up/-/find-up-5.0.0.tgz. Extracting by manifest.
687 silly tarball no local data for file-entry-cache@https://registry.npmjs.org/file-entry-cache/-/file-entry-cache-8.0.0.tgz. Extracting by manifest.
688 silly tarball no local data for esutils@https://registry.npmjs.org/esutils/-/esutils-2.0.3.tgz. Extracting by manifest.
689 silly tarball no local data for esquery@https://registry.npmjs.org/esquery/-/esquery-1.6.0.tgz. Extracting by manifest.
690 silly tarball no local data for eslint-visitor-keys@https://registry.npmjs.org/eslint-visitor-keys/-/eslint-visitor-keys-4.2.1.tgz. Extracting by manifest.
691 silly tarball no local data for espree@https://registry.npmjs.org/espree/-/espree-10.4.0.tgz. Extracting by manifest.
692 silly tarball no local data for escape-string-regexp@https://registry.npmjs.org/escape-string-regexp/-/escape-string-regexp-4.0.0.tgz. Extracting by manifest.
693 silly tarball no local data for eslint-scope@https://registry.npmjs.org/eslint-scope/-/eslint-scope-8.4.0.tgz. Extracting by manifest.
694 silly tarball no local data for @types/estree@https://registry.npmjs.org/@types/estree/-/estree-1.0.8.tgz. Extracting by manifest.
695 silly tarball no local data for @types/json-schema@https://registry.npmjs.org/@types/json-schema/-/json-schema-7.0.15.tgz. Extracting by manifest.
696 silly tarball no local data for chalk@https://registry.npmjs.org/chalk/-/chalk-4.1.2.tgz. Extracting by manifest.
697 silly tarball no local data for @eslint/plugin-kit@https://registry.npmjs.org/@eslint/plugin-kit/-/plugin-kit-0.3.4.tgz. Extracting by manifest.
698 silly tarball no local data for @humanwhocodes/retry@https://registry.npmjs.org/@humanwhocodes/retry/-/retry-0.4.3.tgz. Extracting by manifest.
699 silly tarball no local data for @humanfs/node@https://registry.npmjs.org/@humanfs/node/-/node-0.16.6.tgz. Extracting by manifest.
700 silly tarball no local data for @eslint/eslintrc@https://registry.npmjs.org/@eslint/eslintrc/-/eslintrc-3.3.1.tgz. Extracting by manifest.
701 silly tarball no local data for @eslint/core@https://registry.npmjs.org/@eslint/core/-/core-0.15.1.tgz. Extracting by manifest.
702 silly tarball no local data for @humanwhocodes/module-importer@https://registry.npmjs.org/@humanwhocodes/module-importer/-/module-importer-1.0.1.tgz. Extracting by manifest.
703 silly tarball no local data for @eslint/js@https://registry.npmjs.org/@eslint/js/-/js-9.32.0.tgz. Extracting by manifest.
704 silly tarball no local data for @eslint-community/regexpp@https://registry.npmjs.org/@eslint-community/regexpp/-/regexpp-4.12.1.tgz. Extracting by manifest.
705 silly tarball no local data for @eslint/config-array@https://registry.npmjs.org/@eslint/config-array/-/config-array-0.21.0.tgz. Extracting by manifest.
706 silly tarball no local data for @eslint/config-helpers@https://registry.npmjs.org/@eslint/config-helpers/-/config-helpers-0.3.0.tgz. Extracting by manifest.
707 silly tarball no local data for eslint@https://registry.npmjs.org/eslint/-/eslint-9.32.0.tgz. Extracting by manifest.
708 silly tarball no local data for @humanwhocodes/retry@https://registry.npmjs.org/@humanwhocodes/retry/-/retry-0.3.1.tgz. Extracting by manifest.
709 silly tarball no local data for @eslint-community/eslint-utils@https://registry.npmjs.org/@eslint-community/eslint-utils/-/eslint-utils-4.7.0.tgz. Extracting by manifest.
710 silly tarball no local data for eslint-visitor-keys@https://registry.npmjs.org/eslint-visitor-keys/-/eslint-visitor-keys-3.4.3.tgz. Extracting by manifest.
711 http fetch GET 200 https://registry.npmjs.org/yocto-queue/-/yocto-queue-0.1.0.tgz 177ms (cache miss)
712 http fetch GET 200 https://registry.npmjs.org/deep-is/-/deep-is-0.1.4.tgz 175ms (cache miss)
713 http fetch GET 200 https://registry.npmjs.org/p-locate/-/p-locate-5.0.0.tgz 175ms (cache miss)
714 http fetch GET 200 https://registry.npmjs.org/brace-expansion/-/brace-expansion-1.1.12.tgz 183ms (cache miss)
715 http fetch GET 200 https://registry.npmjs.org/concat-map/-/concat-map-0.0.1.tgz 185ms (cache miss)
716 http fetch GET 200 https://registry.npmjs.org/p-limit/-/p-limit-3.1.0.tgz 196ms (cache miss)
717 http fetch GET 200 https://registry.npmjs.org/fast-levenshtein/-/fast-levenshtein-2.0.6.tgz 204ms (cache miss)
718 http fetch GET 200 https://registry.npmjs.org/has-flag/-/has-flag-4.0.0.tgz 223ms (cache miss)
719 http fetch GET 200 https://registry.npmjs.org/word-wrap/-/word-wrap-1.2.5.tgz 228ms (cache miss)
720 http fetch GET 200 https://registry.npmjs.org/locate-path/-/locate-path-6.0.0.tgz 241ms (cache miss)
721 http fetch GET 200 https://registry.npmjs.org/esrecurse/-/esrecurse-4.3.0.tgz 253ms (cache miss)
722 http fetch GET 200 https://registry.npmjs.org/estraverse/-/estraverse-5.3.0.tgz 255ms (cache miss)
723 http fetch POST 200 https://registry.npmjs.org/-/npm/v1/security/advisories/bulk 306ms
724 silly audit report {}
725 http fetch GET 200 https://registry.npmjs.org/keyv/-/keyv-4.5.4.tgz 277ms (cache miss)
726 http fetch GET 200 https://registry.npmjs.org/supports-color/-/supports-color-7.2.0.tgz 274ms (cache miss)
727 http fetch GET 200 https://registry.npmjs.org/levn/-/levn-0.4.1.tgz 277ms (cache miss)
728 http fetch GET 200 https://registry.npmjs.org/acorn-jsx/-/acorn-jsx-5.3.2.tgz 308ms (cache miss)
729 http fetch GET 200 https://registry.npmjs.org/prelude-ls/-/prelude-ls-1.2.1.tgz 337ms (cache miss)
730 http fetch GET 200 https://registry.npmjs.org/strip-json-comments/-/strip-json-comments-3.1.1.tgz 330ms (cache miss)
731 http fetch GET 200 https://registry.npmjs.org/flat-cache/-/flat-cache-4.0.1.tgz 356ms (cache miss)
732 http fetch GET 200 https://registry.npmjs.org/optionator/-/optionator-0.9.4.tgz 365ms (cache miss)
733 http fetch GET 200 https://registry.npmjs.org/natural-compare/-/natural-compare-1.4.0.tgz 366ms (cache miss)
734 http fetch GET 200 https://registry.npmjs.org/minimatch/-/minimatch-3.1.2.tgz 398ms (cache miss)
735 http fetch GET 200 https://registry.npmjs.org/lodash.merge/-/lodash.merge-4.6.2.tgz 423ms (cache miss)
736 http fetch GET 200 https://registry.npmjs.org/imurmurhash/-/imurmurhash-0.1.4.tgz 436ms (cache miss)
737 http fetch GET 200 https://registry.npmjs.org/path-exists/-/path-exists-4.0.0.tgz 458ms (cache miss)
738 http fetch GET 200 https://registry.npmjs.org/json-buffer/-/json-buffer-3.0.1.tgz 493ms (cache miss)
739 http fetch GET 200 https://registry.npmjs.org/glob-parent/-/glob-parent-6.0.2.tgz 483ms (cache miss)
740 http fetch GET 200 https://registry.npmjs.org/globals/-/globals-14.0.0.tgz 503ms (cache miss)
741 http fetch GET 200 https://registry.npmjs.org/eslint-visitor-keys/-/eslint-visitor-keys-4.2.1.tgz 500ms (cache miss)
742 http fetch GET 200 https://registry.npmjs.org/file-entry-cache/-/file-entry-cache-8.0.0.tgz 518ms (cache miss)
743 http fetch GET 200 https://registry.npmjs.org/escape-string-regexp/-/escape-string-regexp-4.0.0.tgz 517ms (cache miss)
744 http fetch GET 200 https://registry.npmjs.org/find-up/-/find-up-5.0.0.tgz 531ms (cache miss)
745 http fetch GET 200 https://registry.npmjs.org/@eslint/plugin-kit/-/plugin-kit-0.3.4.tgz 536ms (cache miss)
746 http fetch GET 200 https://registry.npmjs.org/@types/estree/-/estree-1.0.8.tgz 542ms (cache miss)
747 http fetch GET 200 https://registry.npmjs.org/@eslint/js/-/js-9.32.0.tgz 548ms (cache miss)
748 http fetch GET 200 https://registry.npmjs.org/ignore/-/ignore-5.3.2.tgz 562ms (cache miss)
749 http fetch GET 200 https://registry.npmjs.org/@humanwhocodes/retry/-/retry-0.3.1.tgz 619ms (cache miss)
750 http fetch GET 200 https://registry.npmjs.org/@types/json-schema/-/json-schema-7.0.15.tgz 640ms (cache miss)
751 http fetch GET 200 https://registry.npmjs.org/type-check/-/type-check-0.4.0.tgz 660ms (cache miss)
752 http fetch GET 200 https://registry.npmjs.org/@humanfs/core/-/core-0.19.1.tgz 656ms (cache miss)
753 http fetch GET 200 https://registry.npmjs.org/esutils/-/esutils-2.0.3.tgz 651ms (cache miss)
754 http fetch GET 200 https://registry.npmjs.org/@eslint/core/-/core-0.15.1.tgz 659ms (cache miss)
755 http fetch GET 200 https://registry.npmjs.org/@eslint/object-schema/-/object-schema-2.1.6.tgz 704ms (cache miss)
756 http fetch GET 200 https://registry.npmjs.org/@humanfs/node/-/node-0.16.6.tgz 703ms (cache miss)
757 http fetch GET 200 https://registry.npmjs.org/@humanwhocodes/retry/-/retry-0.4.3.tgz 722ms (cache miss)
758 http fetch GET 200 https://registry.npmjs.org/chalk/-/chalk-4.1.2.tgz 790ms (cache miss)
759 http fetch GET 200 https://registry.npmjs.org/@humanwhocodes/module-importer/-/module-importer-1.0.1.tgz 786ms (cache miss)
760 http fetch GET 200 https://registry.npmjs.org/flatted/-/flatted-3.3.3.tgz 808ms (cache miss)
761 http fetch GET 200 https://registry.npmjs.org/eslint-visitor-keys/-/eslint-visitor-keys-3.4.3.tgz 814ms (cache miss)
762 http fetch GET 200 https://registry.npmjs.org/json-stable-stringify-without-jsonify/-/json-stable-stringify-without-jsonify-1.0.1.tgz 852ms (cache miss)
763 http fetch GET 200 https://registry.npmjs.org/@eslint/config-helpers/-/config-helpers-0.3.0.tgz 842ms (cache miss)
764 http fetch GET 200 https://registry.npmjs.org/acorn/-/acorn-8.15.0.tgz 864ms (cache miss)
765 http fetch GET 200 https://registry.npmjs.org/espree/-/espree-10.4.0.tgz 881ms (cache miss)
766 http fetch GET 200 https://registry.npmjs.org/@eslint-community/eslint-utils/-/eslint-utils-4.7.0.tgz 940ms (cache miss)
767 http fetch GET 200 https://registry.npmjs.org/eslint-scope/-/eslint-scope-8.4.0.tgz 955ms (cache miss)
768 http fetch GET 200 https://registry.npmjs.org/@eslint-community/regexpp/-/regexpp-4.12.1.tgz 949ms (cache miss)
769 http fetch GET 200 https://registry.npmjs.org/@eslint/config-array/-/config-array-0.21.0.tgz 954ms (cache miss)
770 http fetch GET 200 https://registry.npmjs.org/esquery/-/esquery-1.6.0.tgz 979ms (cache miss)
771 http fetch GET 200 https://registry.npmjs.org/@eslint/eslintrc/-/eslintrc-3.3.1.tgz 1017ms (cache miss)
772 http fetch GET 200 https://registry.npmjs.org/eslint/-/eslint-9.32.0.tgz 1528ms (cache miss)
773 silly ADD node_modules/isexe
774 silly ADD node_modules/punycode
775 silly ADD node_modules/has-flag
776 silly ADD node_modules/shebang-regex
777 silly ADD node_modules/callsites
778 silly ADD node_modules/yocto-queue
779 silly ADD node_modules/p-limit
780 silly ADD node_modules/word-wrap
781 silly ADD node_modules/fast-levenshtein
782 silly ADD node_modules/deep-is
783 silly ADD node_modules/concat-map
784 silly ADD node_modules/balanced-match
785 silly ADD node_modules/brace-expansion
786 silly ADD node_modules/p-locate
787 silly ADD node_modules/type-check
788 silly ADD node_modules/prelude-ls
789 silly ADD node_modules/json-buffer
790 silly ADD node_modules/argparse
791 silly ADD node_modules/is-extglob
792 silly ADD node_modules/resolve-from
793 silly ADD node_modules/parent-module
794 silly ADD node_modules/keyv
795 silly ADD node_modules/flatted
796 silly ADD node_modules/path-exists
797 silly ADD node_modules/locate-path
798 silly ADD node_modules/flat-cache
799 silly ADD node_modules/acorn-jsx
800 silly ADD node_modules/acorn
801 silly ADD node_modules/estraverse
802 silly ADD node_modules/esrecurse
803 silly ADD node_modules/ms
804 silly ADD node_modules/which
805 silly ADD node_modules/shebang-command
806 silly ADD node_modules/path-key
807 silly ADD node_modules/supports-color
808 silly ADD node_modules/ansi-styles
809 silly ADD node_modules/uri-js
810 silly ADD node_modules/json-schema-traverse
811 silly ADD node_modules/fast-json-stable-stringify
812 silly ADD node_modules/@humanfs/core
813 silly ADD node_modules/levn
814 silly ADD node_modules/strip-json-comments
815 silly ADD node_modules/js-yaml
816 silly ADD node_modules/import-fresh
817 silly ADD node_modules/globals
818 silly ADD node_modules/@eslint/object-schema
819 silly ADD node_modules/optionator
820 silly ADD node_modules/natural-compare
821 silly ADD node_modules/minimatch
822 silly ADD node_modules/lodash.merge
823 silly ADD node_modules/json-stable-stringify-without-jsonify
824 silly ADD node_modules/is-glob
825 silly ADD node_modules/imurmurhash
826 silly ADD node_modules/ignore
827 silly ADD node_modules/glob-parent
828 silly ADD node_modules/find-up
829 silly ADD node_modules/file-entry-cache
830 silly ADD node_modules/fast-deep-equal
831 silly ADD node_modules/esutils
832 silly ADD node_modules/esquery
833 silly ADD node_modules/espree
834 silly ADD node_modules/eslint-visitor-keys
835 silly ADD node_modules/eslint-scope
836 silly ADD node_modules/escape-string-regexp
837 silly ADD node_modules/debug
838 silly ADD node_modules/cross-spawn
839 silly ADD node_modules/chalk
840 silly ADD node_modules/ajv
841 silly ADD node_modules/@types/json-schema
842 silly ADD node_modules/@types/estree
843 silly ADD node_modules/@humanwhocodes/retry
844 silly ADD node_modules/@humanwhocodes/module-importer
845 silly ADD node_modules/@humanfs/node
846 silly ADD node_modules/@humanfs/node/node_modules/@humanwhocodes/retry
847 silly ADD node_modules/@eslint/plugin-kit
848 silly ADD node_modules/@eslint/js
849 silly ADD node_modules/@eslint/eslintrc
850 silly ADD node_modules/@eslint/core
851 silly ADD node_modules/@eslint/config-helpers
852 silly ADD node_modules/@eslint/config-array
853 silly ADD node_modules/@eslint-community/regexpp
854 silly ADD node_modules/@eslint-community/eslint-utils
855 silly ADD node_modules/@eslint-community/eslint-utils/node_modules/eslint-visitor-keys
856 silly ADD node_modules/eslint
857 silly ADD
858 silly ADD
859 silly ADD
860 silly ADD
861 silly ADD
862 silly ADD
863 silly ADD
864 silly ADD
865 silly ADD
866 silly ADD
867 silly ADD
868 silly ADD
869 silly ADD
870 silly ADD
871 silly ADD
872 silly ADD
873 silly ADD
874 silly ADD
875 silly ADD
876 silly ADD
877 silly ADD
878 silly ADD
879 silly ADD
880 silly ADD
881 silly ADD
882 silly ADD
883 silly ADD
884 silly ADD
885 silly ADD
886 silly ADD
887 silly ADD
888 silly ADD
889 silly ADD
890 silly ADD
891 silly ADD
892 silly ADD
893 silly ADD
894 silly ADD
895 silly ADD
896 silly ADD
897 silly ADD
898 silly ADD
899 silly ADD
900 silly ADD
901 silly ADD
902 silly ADD
903 silly ADD
904 silly ADD
905 silly ADD
906 silly ADD
907 silly ADD
908 silly ADD
909 verbose cwd C:\Users\ASUS\rouss
910 verbose os Windows_NT 10.0.26100
911 verbose node v20.17.0
912 verbose npm  v11.2.0
913 verbose exit 0
914 info ok
