0 verbose cli C:\Program Files\nodejs\node.exe C:\Users\ASUS\AppData\Roaming\npm\node_modules\npm\bin\npm-cli.js
1 info using npm@11.2.0
2 info using node@v20.17.0
3 silly config load:file:C:\Users\ASUS\AppData\Roaming\npm\node_modules\npm\npmrc
4 silly config load:file:C:\Users\ASUS\rouss\.npmrc
5 silly config load:file:C:\Users\ASUS\.npmrc
6 silly config load:file:C:\Users\ASUS\AppData\Roaming\npm\etc\npmrc
7 verbose title npm outdated next react-dom keen-slider icons-react jspdf @tsparticles/engine react postcss framer-motion @types/react-dom eslint-config-next tw-animate-css eslint @radix-ui/react-slot @radix-ui/react-tabs autoprefixer lucide-react typescript @tabler/icons-react tailwind-merge tailwindcss clsx @tsparticles/slim class-variance-authority motion @types/next @tsparticles/react react-icons @types/node @types/react react-responsive-carousel html2canvas @tailwindcss/postcss
8 verbose argv "outdated" "--json" "next" "react-dom" "keen-slider" "icons-react" "jspdf" "@tsparticles/engine" "react" "postcss" "framer-motion" "@types/react-dom" "eslint-config-next" "tw-animate-css" "eslint" "@radix-ui/react-slot" "@radix-ui/react-tabs" "autoprefixer" "lucide-react" "typescript" "@tabler/icons-react" "tailwind-merge" "tailwindcss" "clsx" "@tsparticles/slim" "class-variance-authority" "motion" "@types/next" "@tsparticles/react" "react-icons" "@types/node" "@types/react" "react-responsive-carousel" "html2canvas" "@tailwindcss/postcss"
9 verbose logfile logs-max:10 dir:C:\Users\ASUS\rouss\UsersASUSAppDataLocalnpm-cache\_logs\2025-08-03T19_13_09_576Z-
10 verbose logfile C:\Users\ASUS\rouss\UsersASUSAppDataLocalnpm-cache\_logs\2025-08-03T19_13_09_576Z-debug-0.log
11 silly logfile start cleaning logs, removing 9 files
12 silly packumentCache heap:4345298944 maxSize:1086324736 maxEntrySize:543162368
13 silly logfile done cleaning log files
14 http fetch GET 200 https://registry.npmjs.org/jspdf 1721ms (cache revalidated)
15 http fetch GET 200 https://registry.npmjs.org/react-dom 1736ms (cache revalidated)
16 http fetch GET 200 https://registry.npmjs.org/react-dom 1759ms (cache revalidated)
17 http fetch GET 200 https://registry.npmjs.org/react-dom 2078ms (cache revalidated)
18 http fetch GET 200 https://registry.npmjs.org/react-dom 2092ms (cache revalidated)
19 http fetch GET 200 https://registry.npmjs.org/react-dom 2118ms (cache revalidated)
20 http fetch GET 200 https://registry.npmjs.org/react-dom 2133ms (cache revalidated)
21 http fetch GET 200 https://registry.npmjs.org/next 2178ms (cache revalidated)
22 http fetch GET 200 https://registry.npmjs.org/react 2331ms (cache revalidated)
23 http fetch GET 200 https://registry.npmjs.org/keen-slider 2370ms (cache revalidated)
24 http fetch GET 200 https://registry.npmjs.org/icons-react 2763ms (cache revalidated)
25 http fetch GET 200 https://registry.npmjs.org/@tsparticles%2fengine 3059ms (cache revalidated)
26 http fetch GET 200 https://registry.npmjs.org/@tsparticles%2fengine 3058ms (cache revalidated)
27 http fetch GET 200 https://registry.npmjs.org/@tsparticles%2fengine 3097ms (cache revalidated)
28 http fetch GET 200 https://registry.npmjs.org/@tsparticles%2fengine 3105ms (cache revalidated)
29 http fetch GET 200 https://registry.npmjs.org/@tsparticles%2fengine 3180ms (cache revalidated)
30 http fetch GET 200 https://registry.npmjs.org/@tsparticles%2fengine 3176ms (cache revalidated)
31 http fetch GET 200 https://registry.npmjs.org/@tsparticles%2fengine 3172ms (cache revalidated)
32 http fetch GET 200 https://registry.npmjs.org/@tsparticles%2fengine 3178ms (cache revalidated)
33 http fetch GET 200 https://registry.npmjs.org/@tsparticles%2fengine 3172ms (cache revalidated)
34 http fetch GET 200 https://registry.npmjs.org/@tsparticles%2fengine 3172ms (cache revalidated)
35 http fetch GET 200 https://registry.npmjs.org/react 3173ms (cache revalidated)
36 http fetch GET 200 https://registry.npmjs.org/react 3184ms (cache revalidated)
37 http fetch GET 200 https://registry.npmjs.org/@tsparticles%2fengine 3213ms (cache revalidated)
38 http fetch GET 200 https://registry.npmjs.org/react 3219ms (cache revalidated)
39 http fetch GET 200 https://registry.npmjs.org/react 3226ms (cache revalidated)
40 http fetch GET 200 https://registry.npmjs.org/react 3241ms (cache revalidated)
41 http fetch GET 200 https://registry.npmjs.org/@tsparticles%2fengine 3255ms (cache revalidated)
42 http fetch GET 200 https://registry.npmjs.org/@tsparticles%2fengine 3259ms (cache revalidated)
43 http fetch GET 200 https://registry.npmjs.org/@tsparticles%2fengine 3259ms (cache revalidated)
44 http fetch GET 200 https://registry.npmjs.org/react 3261ms (cache revalidated)
45 http fetch GET 200 https://registry.npmjs.org/react 3286ms (cache revalidated)
46 http fetch GET 200 https://registry.npmjs.org/react 3302ms (cache revalidated)
47 http fetch GET 200 https://registry.npmjs.org/react 3314ms (cache revalidated)
48 http fetch GET 200 https://registry.npmjs.org/react 3329ms (cache revalidated)
49 http fetch GET 200 https://registry.npmjs.org/@tsparticles%2fengine 3342ms (cache revalidated)
50 http fetch GET 200 https://registry.npmjs.org/@tsparticles%2fengine 3367ms (cache revalidated)
51 http fetch GET 200 https://registry.npmjs.org/@tsparticles%2fengine 3383ms (cache revalidated)
52 http fetch GET 200 https://registry.npmjs.org/react 3360ms (cache revalidated)
53 http fetch GET 200 https://registry.npmjs.org/react 3373ms (cache revalidated)
54 http fetch GET 200 https://registry.npmjs.org/react 3390ms (cache revalidated)
55 http fetch GET 200 https://registry.npmjs.org/postcss 3392ms (cache revalidated)
56 http fetch GET 200 https://registry.npmjs.org/postcss 3391ms (cache revalidated)
57 http fetch GET 200 https://registry.npmjs.org/react 3407ms (cache revalidated)
58 http fetch GET 200 https://registry.npmjs.org/react 3423ms (cache revalidated)
59 http fetch GET 200 https://registry.npmjs.org/postcss 3447ms (cache revalidated)
60 http fetch GET 200 https://registry.npmjs.org/@tsparticles%2fengine 3480ms (cache revalidated)
61 http fetch GET 200 https://registry.npmjs.org/react 3457ms (cache revalidated)
62 http fetch GET 200 https://registry.npmjs.org/react 3472ms (cache revalidated)
63 http fetch GET 200 https://registry.npmjs.org/postcss 3480ms (cache revalidated)
64 http fetch GET 200 https://registry.npmjs.org/react 3492ms (cache revalidated)
65 http fetch GET 200 https://registry.npmjs.org/framer-motion 3492ms (cache revalidated)
66 http fetch GET 200 https://registry.npmjs.org/eslint 3503ms (cache revalidated)
67 http fetch GET 200 https://registry.npmjs.org/@tsparticles%2fengine 3560ms (cache revalidated)
68 http fetch GET 200 https://registry.npmjs.org/eslint 3529ms (cache revalidated)
69 http fetch GET 200 https://registry.npmjs.org/@tsparticles%2fengine 3568ms (cache revalidated)
70 http fetch GET 200 https://registry.npmjs.org/react 3554ms (cache revalidated)
71 http fetch GET 200 https://registry.npmjs.org/eslint 3550ms (cache revalidated)
72 http fetch GET 200 https://registry.npmjs.org/eslint 3559ms (cache revalidated)
73 http fetch GET 200 https://registry.npmjs.org/eslint 3564ms (cache revalidated)
74 http fetch GET 200 https://registry.npmjs.org/@tsparticles%2fengine 3604ms (cache revalidated)
75 http fetch GET 200 https://registry.npmjs.org/@types%2freact-dom 3609ms (cache revalidated)
76 http fetch GET 200 https://registry.npmjs.org/@types%2freact-dom 3609ms (cache revalidated)
77 http fetch GET 200 https://registry.npmjs.org/@types%2freact-dom 3613ms (cache revalidated)
78 http fetch GET 200 https://registry.npmjs.org/eslint-config-next 3634ms (cache revalidated)
79 http fetch GET 200 https://registry.npmjs.org/eslint 3641ms (cache revalidated)
80 http fetch GET 200 https://registry.npmjs.org/eslint 3647ms (cache revalidated)
81 http fetch GET 200 https://registry.npmjs.org/@tsparticles%2fengine 3696ms (cache revalidated)
82 http fetch GET 200 https://registry.npmjs.org/eslint 3656ms (cache revalidated)
83 http fetch GET 200 https://registry.npmjs.org/eslint 3666ms (cache revalidated)
84 http fetch GET 200 https://registry.npmjs.org/eslint 3667ms (cache revalidated)
85 http fetch GET 200 https://registry.npmjs.org/lucide-react 3669ms (cache revalidated)
86 http fetch GET 200 https://registry.npmjs.org/tw-animate-css 3690ms (cache revalidated)
87 http fetch GET 200 https://registry.npmjs.org/autoprefixer 3683ms (cache revalidated)
88 http fetch GET 200 https://registry.npmjs.org/@types%2freact-dom 3702ms (cache revalidated)
89 http fetch GET 200 https://registry.npmjs.org/typescript 3793ms (cache revalidated)
90 http fetch GET 200 https://registry.npmjs.org/typescript 3915ms (cache revalidated)
91 http fetch GET 200 https://registry.npmjs.org/typescript 4009ms (cache revalidated)
92 http fetch GET 200 https://registry.npmjs.org/typescript 4074ms (cache revalidated)
93 http fetch GET 200 https://registry.npmjs.org/typescript 4136ms (cache revalidated)
94 http fetch GET 200 https://registry.npmjs.org/eslint 4193ms (cache revalidated)
95 http fetch GET 200 https://registry.npmjs.org/clsx 4195ms (cache revalidated)
96 http fetch GET 200 https://registry.npmjs.org/@types%2freact-dom 4228ms (cache revalidated)
97 http fetch GET 200 https://registry.npmjs.org/@radix-ui%2freact-slot 4222ms (cache revalidated)
98 http fetch GET 200 https://registry.npmjs.org/tailwind-merge 4223ms (cache revalidated)
99 http fetch GET 200 https://registry.npmjs.org/typescript 4247ms (cache revalidated)
100 http fetch GET 200 https://registry.npmjs.org/typescript 4288ms (cache revalidated)
101 http fetch GET 200 https://registry.npmjs.org/@types%2fnode 4317ms (cache revalidated)
102 http fetch GET 200 https://registry.npmjs.org/@radix-ui%2freact-slot 4341ms (cache revalidated)
103 http fetch GET 200 https://registry.npmjs.org/typescript 4350ms (cache revalidated)
104 http fetch GET 200 https://registry.npmjs.org/typescript 4418ms (cache revalidated)
105 http fetch GET 200 https://registry.npmjs.org/@types%2fnode 4447ms (cache revalidated)
106 http fetch GET 200 https://registry.npmjs.org/tailwindcss 4476ms (cache revalidated)
107 http fetch GET 200 https://registry.npmjs.org/react-icons 4486ms (cache revalidated)
108 http fetch GET 200 https://registry.npmjs.org/tailwindcss 4496ms (cache revalidated)
109 http fetch GET 200 https://registry.npmjs.org/@types%2freact 4509ms (cache revalidated)
110 http fetch GET 200 https://registry.npmjs.org/class-variance-authority 4521ms (cache revalidated)
111 http fetch GET 200 https://registry.npmjs.org/@radix-ui%2freact-tabs 4533ms (cache revalidated)
112 http fetch GET 200 https://registry.npmjs.org/@types%2fnode 4523ms (cache revalidated)
113 http fetch GET 200 https://registry.npmjs.org/@types%2freact 4543ms (cache revalidated)
114 http fetch GET 200 https://registry.npmjs.org/clsx 4553ms (cache revalidated)
115 http fetch GET 200 https://registry.npmjs.org/@types%2freact 4541ms (cache revalidated)
116 http fetch GET 200 https://registry.npmjs.org/@types%2fnode 4553ms (cache revalidated)
117 http fetch GET 200 https://registry.npmjs.org/@types%2freact 4555ms (cache revalidated)
118 http fetch GET 200 https://registry.npmjs.org/@types%2freact 4559ms (cache revalidated)
119 http fetch GET 200 https://registry.npmjs.org/@types%2freact 4568ms (cache revalidated)
120 http fetch GET 200 https://registry.npmjs.org/@types%2fnode 4581ms (cache revalidated)
121 http fetch GET 200 https://registry.npmjs.org/@types%2freact 4584ms (cache revalidated)
122 http fetch GET 200 https://registry.npmjs.org/@types%2freact 4587ms (cache revalidated)
123 http fetch GET 200 https://registry.npmjs.org/@types%2freact 4591ms (cache revalidated)
124 http fetch GET 200 https://registry.npmjs.org/@types%2freact 4598ms (cache revalidated)
125 http fetch GET 200 https://registry.npmjs.org/@types%2freact 4599ms (cache revalidated)
126 http fetch GET 200 https://registry.npmjs.org/@tsparticles%2fengine 4687ms (cache revalidated)
127 http fetch GET 200 https://registry.npmjs.org/react-dom 4696ms (cache revalidated)
128 http fetch GET 200 https://registry.npmjs.org/react-dom 4710ms (cache revalidated)
129 http fetch GET 200 https://registry.npmjs.org/@tsparticles%2fengine 4728ms (cache revalidated)
130 http fetch GET 200 https://registry.npmjs.org/react-dom 4752ms (cache revalidated)
131 http fetch GET 200 https://registry.npmjs.org/@tsparticles%2fengine 4760ms (cache revalidated)
132 http fetch GET 200 https://registry.npmjs.org/@tsparticles%2fengine 4764ms (cache revalidated)
133 http fetch GET 200 https://registry.npmjs.org/react-dom 4785ms (cache revalidated)
134 http fetch GET 200 https://registry.npmjs.org/@tsparticles%2fengine 4793ms (cache revalidated)
135 http fetch GET 200 https://registry.npmjs.org/@tsparticles%2fengine 4837ms (cache revalidated)
136 http fetch GET 200 https://registry.npmjs.org/@tsparticles%2fengine 4837ms (cache revalidated)
137 http fetch GET 200 https://registry.npmjs.org/@tsparticles%2fengine 4869ms (cache revalidated)
138 http fetch GET 200 https://registry.npmjs.org/@tsparticles%2fengine 4867ms (cache revalidated)
139 http fetch GET 200 https://registry.npmjs.org/html2canvas 4814ms (cache revalidated)
140 http fetch GET 200 https://registry.npmjs.org/html2canvas 4816ms (cache revalidated)
141 http fetch GET 200 https://registry.npmjs.org/@tsparticles%2fengine 4908ms (cache revalidated)
142 http fetch GET 200 https://registry.npmjs.org/@tsparticles%2fengine 4916ms (cache revalidated)
143 http fetch GET 200 https://registry.npmjs.org/react 4911ms (cache revalidated)
144 http fetch GET 200 https://registry.npmjs.org/@tsparticles%2fengine 4942ms (cache revalidated)
145 http fetch GET 200 https://registry.npmjs.org/react 4946ms (cache revalidated)
146 http fetch GET 200 https://registry.npmjs.org/@tsparticles%2fengine 4980ms (cache revalidated)
147 http fetch GET 200 https://registry.npmjs.org/@tsparticles%2fengine 4976ms (cache revalidated)
148 http fetch GET 200 https://registry.npmjs.org/framer-motion 4954ms (cache revalidated)
149 http fetch GET 200 https://registry.npmjs.org/@tailwindcss%2fpostcss 4922ms (cache revalidated)
150 http fetch GET 200 https://registry.npmjs.org/@tsparticles%2fengine 4999ms (cache revalidated)
151 http fetch GET 200 https://registry.npmjs.org/react 4985ms (cache revalidated)
152 http fetch GET 200 https://registry.npmjs.org/@types%2freact-dom 4989ms (cache revalidated)
153 http fetch GET 200 https://registry.npmjs.org/react 5013ms (cache revalidated)
154 http fetch GET 200 https://registry.npmjs.org/eslint 5007ms (cache revalidated)
155 http fetch GET 200 https://registry.npmjs.org/@types%2fnode 4995ms (cache revalidated)
156 http fetch GET 200 https://registry.npmjs.org/@types%2freact 5004ms (cache revalidated)
157 http fetch GET 200 https://registry.npmjs.org/@types%2freact 5015ms (cache revalidated)
158 http fetch GET 200 https://registry.npmjs.org/@types%2freact 5032ms (cache revalidated)
159 http fetch GET 200 https://registry.npmjs.org/typescript 5066ms (cache revalidated)
160 http fetch GET 200 https://registry.npmjs.org/motion 5113ms (cache revalidated)
161 http fetch GET 200 https://registry.npmjs.org/@radix-ui%2freact-slot 5145ms (cache revalidated)
162 http fetch GET 200 https://registry.npmjs.org/@types%2freact 5121ms (cache revalidated)
163 http fetch GET 200 https://registry.npmjs.org/@types%2freact 5129ms (cache revalidated)
164 http fetch GET 200 https://registry.npmjs.org/@types%2freact 5127ms (cache revalidated)
165 http fetch GET 200 https://registry.npmjs.org/@types%2freact 5131ms (cache revalidated)
166 http fetch GET 200 https://registry.npmjs.org/react 5188ms (cache revalidated)
167 http fetch GET 200 https://registry.npmjs.org/tailwindcss 5167ms (cache revalidated)
168 http fetch GET 200 https://registry.npmjs.org/@types%2freact 5168ms (cache revalidated)
169 http fetch GET 200 https://registry.npmjs.org/@types%2fnext 5237ms (cache revalidated)
170 http fetch GET 200 https://registry.npmjs.org/@types%2fnext 5238ms (cache revalidated)
171 http fetch GET 200 https://registry.npmjs.org/@tabler%2ficons-react 5375ms (cache revalidated)
172 http fetch GET 200 https://registry.npmjs.org/@tsparticles%2fslim 5423ms (cache revalidated)
173 http fetch GET 200 https://registry.npmjs.org/@tsparticles%2freact 5471ms (cache revalidated)
174 http fetch GET 200 https://registry.npmjs.org/react-responsive-carousel 5585ms (cache revalidated)
175 verbose cwd C:\Users\ASUS\rouss
176 verbose os Windows_NT 10.0.26100
177 verbose node v20.17.0
178 verbose npm  v11.2.0
179 verbose exit 1
180 verbose code 1
