0 verbose cli C:\Program Files\nodejs\node.exe C:\Users\ASUS\AppData\Roaming\npm\node_modules\npm\bin\npm-cli.js
1 info using npm@11.2.0
2 info using node@v20.17.0
3 silly config load:file:C:\Users\ASUS\AppData\Roaming\npm\node_modules\npm\npmrc
4 silly config load:file:C:\Users\ASUS\rouss\.npmrc
5 silly config load:file:C:\Users\ASUS\.npmrc
6 silly config load:file:C:\Users\ASUS\AppData\Roaming\npm\etc\npmrc
7 verbose title npm outdated next react-dom keen-slider icons-react jspdf @tsparticles/engine react postcss framer-motion @types/react-dom eslint-config-next tw-animate-css eslint @radix-ui/react-slot @radix-ui/react-tabs autoprefixer lucide-react typescript @tabler/icons-react tailwind-merge tailwindcss clsx @tsparticles/slim class-variance-authority motion @types/next @tsparticles/react react-icons @types/node @types/react react-responsive-carousel html2canvas @tailwindcss/postcss
8 verbose argv "outdated" "--json" "next" "react-dom" "keen-slider" "icons-react" "jspdf" "@tsparticles/engine" "react" "postcss" "framer-motion" "@types/react-dom" "eslint-config-next" "tw-animate-css" "eslint" "@radix-ui/react-slot" "@radix-ui/react-tabs" "autoprefixer" "lucide-react" "typescript" "@tabler/icons-react" "tailwind-merge" "tailwindcss" "clsx" "@tsparticles/slim" "class-variance-authority" "motion" "@types/next" "@tsparticles/react" "react-icons" "@types/node" "@types/react" "react-responsive-carousel" "html2canvas" "@tailwindcss/postcss"
9 verbose logfile logs-max:10 dir:C:\Users\ASUS\rouss\UsersASUSAppDataLocalnpm-cache\_logs\2025-08-04T17_52_49_141Z-
10 verbose logfile C:\Users\ASUS\rouss\UsersASUSAppDataLocalnpm-cache\_logs\2025-08-04T17_52_49_141Z-debug-0.log
11 silly logfile start cleaning logs, removing 3 files
12 silly packumentCache heap:4345298944 maxSize:1086324736 maxEntrySize:543162368
13 silly logfile done cleaning log files
14 http fetch GET 200 https://registry.npmjs.org/jspdf 1627ms (cache revalidated)
15 http fetch GET 200 https://registry.npmjs.org/icons-react 2444ms (cache revalidated)
16 http fetch GET 200 https://registry.npmjs.org/keen-slider 2453ms (cache revalidated)
17 http fetch GET 200 https://registry.npmjs.org/react-dom 2500ms (cache updated)
18 http fetch GET 200 https://registry.npmjs.org/react-dom 2589ms (cache updated)
19 http fetch GET 200 https://registry.npmjs.org/react-dom 2648ms (cache updated)
20 http fetch GET 200 https://registry.npmjs.org/react-dom 2655ms (cache updated)
21 http fetch GET 200 https://registry.npmjs.org/react-dom 2685ms (cache updated)
22 http fetch GET 200 https://registry.npmjs.org/react-dom 2753ms (cache updated)
23 http fetch GET 200 https://registry.npmjs.org/react-dom 2828ms (cache updated)
24 http fetch GET 200 https://registry.npmjs.org/react-dom 2855ms (cache updated)
25 http fetch GET 200 https://registry.npmjs.org/react-dom 2911ms (cache updated)
26 http fetch GET 200 https://registry.npmjs.org/@tsparticles%2fengine 3019ms (cache updated)
27 http fetch GET 200 https://registry.npmjs.org/@tsparticles%2fengine 3023ms (cache updated)
28 http fetch GET 200 https://registry.npmjs.org/@tsparticles%2fengine 3024ms (cache updated)
29 http fetch GET 200 https://registry.npmjs.org/@tsparticles%2fengine 3066ms (cache updated)
30 http fetch GET 200 https://registry.npmjs.org/@tsparticles%2fengine 3093ms (cache updated)
31 http fetch GET 200 https://registry.npmjs.org/@tsparticles%2fengine 3121ms (cache updated)
32 http fetch GET 200 https://registry.npmjs.org/@tsparticles%2fengine 3213ms (cache updated)
33 http fetch GET 200 https://registry.npmjs.org/@tsparticles%2fengine 3229ms (cache updated)
34 http fetch GET 200 https://registry.npmjs.org/@tsparticles%2fengine 3223ms (cache updated)
35 http fetch GET 200 https://registry.npmjs.org/@tsparticles%2fengine 3234ms (cache updated)
36 http fetch GET 200 https://registry.npmjs.org/@tsparticles%2fengine 3276ms (cache updated)
37 http fetch GET 200 https://registry.npmjs.org/@tsparticles%2fengine 3290ms (cache updated)
38 http fetch GET 200 https://registry.npmjs.org/@tsparticles%2fengine 3287ms (cache updated)
39 http fetch GET 200 https://registry.npmjs.org/@tsparticles%2fengine 3373ms (cache updated)
40 http fetch GET 200 https://registry.npmjs.org/@tsparticles%2fengine 3380ms (cache updated)
41 http fetch GET 200 https://registry.npmjs.org/@tsparticles%2fengine 3431ms (cache updated)
42 http fetch GET 200 https://registry.npmjs.org/react 3427ms (cache updated)
43 http fetch GET 200 https://registry.npmjs.org/next 3462ms (cache updated)
44 http fetch GET 200 https://registry.npmjs.org/@tsparticles%2fengine 3634ms (cache updated)
45 http fetch GET 200 https://registry.npmjs.org/@tsparticles%2fengine 3629ms (cache updated)
46 http fetch GET 200 https://registry.npmjs.org/@tsparticles%2fengine 3633ms (cache updated)
47 http fetch GET 200 https://registry.npmjs.org/@tsparticles%2fengine 3633ms (cache updated)
48 http fetch GET 200 https://registry.npmjs.org/@tsparticles%2fengine 3634ms (cache updated)
49 http fetch GET 200 https://registry.npmjs.org/@tsparticles%2fengine 3634ms (cache updated)
50 http fetch GET 200 https://registry.npmjs.org/@tsparticles%2fengine 3622ms (cache updated)
51 http fetch GET 200 https://registry.npmjs.org/@tsparticles%2fengine 3636ms (cache updated)
52 http fetch GET 200 https://registry.npmjs.org/react 3819ms (cache updated)
53 http fetch GET 200 https://registry.npmjs.org/framer-motion 3870ms (cache revalidated)
54 http fetch GET 200 https://registry.npmjs.org/framer-motion 3891ms (cache revalidated)
55 http fetch GET 200 https://registry.npmjs.org/react 3972ms (cache updated)
56 http fetch GET 200 https://registry.npmjs.org/@types%2freact-dom 4185ms (cache revalidated)
57 http fetch GET 200 https://registry.npmjs.org/postcss 4231ms (cache revalidated)
58 http fetch GET 200 https://registry.npmjs.org/react 4753ms (cache updated)
59 http fetch GET 200 https://registry.npmjs.org/react 4814ms (cache updated)
60 http fetch GET 200 https://registry.npmjs.org/react 4874ms (cache updated)
61 http fetch GET 200 https://registry.npmjs.org/eslint-config-next 4889ms (cache updated)
62 http fetch GET 200 https://registry.npmjs.org/react 4934ms (cache updated)
63 http fetch GET 200 https://registry.npmjs.org/react 4945ms (cache updated)
64 http fetch GET 200 https://registry.npmjs.org/@types%2freact-dom 4943ms (cache revalidated)
65 http fetch GET 200 https://registry.npmjs.org/react 4964ms (cache updated)
66 http fetch GET 200 https://registry.npmjs.org/react 4964ms (cache updated)
67 http fetch GET 200 https://registry.npmjs.org/postcss 5009ms (cache revalidated)
68 http fetch GET 200 https://registry.npmjs.org/postcss 5016ms (cache revalidated)
69 http fetch GET 200 https://registry.npmjs.org/eslint 5020ms (cache revalidated)
70 http fetch GET 200 https://registry.npmjs.org/react 5057ms (cache updated)
71 http fetch GET 200 https://registry.npmjs.org/eslint 5055ms (cache revalidated)
72 http fetch GET 200 https://registry.npmjs.org/postcss 5071ms (cache revalidated)
73 http fetch GET 200 https://registry.npmjs.org/@types%2freact-dom 5117ms (cache revalidated)
74 http fetch GET 200 https://registry.npmjs.org/react 5178ms (cache updated)
75 http fetch GET 200 https://registry.npmjs.org/@types%2freact-dom 5186ms (cache revalidated)
76 http fetch GET 200 https://registry.npmjs.org/tw-animate-css 5186ms (cache revalidated)
77 http fetch GET 200 https://registry.npmjs.org/eslint 5188ms (cache revalidated)
78 http fetch GET 200 https://registry.npmjs.org/lucide-react 5221ms (cache revalidated)
79 http fetch GET 200 https://registry.npmjs.org/eslint 5244ms (cache revalidated)
80 http fetch GET 200 https://registry.npmjs.org/@radix-ui%2freact-tabs 5255ms (cache revalidated)
81 http fetch GET 200 https://registry.npmjs.org/eslint 5295ms (cache revalidated)
82 http fetch GET 200 https://registry.npmjs.org/@types%2freact-dom 5351ms (cache revalidated)
83 http fetch GET 200 https://registry.npmjs.org/eslint 5373ms (cache revalidated)
84 http fetch GET 200 https://registry.npmjs.org/@types%2freact-dom 5396ms (cache revalidated)
85 http fetch GET 200 https://registry.npmjs.org/eslint 5427ms (cache revalidated)
86 http fetch GET 200 https://registry.npmjs.org/@radix-ui%2freact-slot 5443ms (cache revalidated)
87 http fetch GET 200 https://registry.npmjs.org/@radix-ui%2freact-slot 5463ms (cache revalidated)
88 http fetch GET 200 https://registry.npmjs.org/@radix-ui%2freact-slot 5528ms (cache revalidated)
89 http fetch GET 200 https://registry.npmjs.org/eslint 5566ms (cache revalidated)
90 http fetch GET 200 https://registry.npmjs.org/eslint 5579ms (cache revalidated)
91 http fetch GET 200 https://registry.npmjs.org/autoprefixer 5611ms (cache revalidated)
92 http fetch GET 200 https://registry.npmjs.org/react 5676ms (cache updated)
93 http fetch GET 200 https://registry.npmjs.org/react 5766ms (cache updated)
94 http fetch GET 200 https://registry.npmjs.org/clsx 5811ms (cache revalidated)
95 http fetch GET 200 https://registry.npmjs.org/@types%2fnext 5938ms (cache revalidated)
96 http fetch GET 200 https://registry.npmjs.org/react 5985ms (cache updated)
97 http fetch GET 200 https://registry.npmjs.org/@tabler%2ficons-react 5992ms (cache revalidated)
98 http fetch GET 200 https://registry.npmjs.org/tailwindcss 6177ms (cache revalidated)
99 http fetch GET 200 https://registry.npmjs.org/class-variance-authority 6243ms (cache revalidated)
100 http fetch GET 200 https://registry.npmjs.org/tailwind-merge 6465ms (cache revalidated)
101 http fetch GET 200 https://registry.npmjs.org/clsx 6481ms (cache revalidated)
102 http fetch GET 200 https://registry.npmjs.org/typescript 6665ms (cache updated)
103 http fetch GET 200 https://registry.npmjs.org/react-icons 6700ms (cache revalidated)
104 http fetch GET 200 https://registry.npmjs.org/typescript 6756ms (cache updated)
105 http fetch GET 200 https://registry.npmjs.org/typescript 6823ms (cache updated)
106 http fetch GET 200 https://registry.npmjs.org/tailwindcss 6876ms (cache revalidated)
107 http fetch GET 200 https://registry.npmjs.org/react 6941ms (cache updated)
108 http fetch GET 200 https://registry.npmjs.org/@types%2freact 6924ms (cache revalidated)
109 http fetch GET 200 https://registry.npmjs.org/tailwindcss 6939ms (cache revalidated)
110 http fetch GET 200 https://registry.npmjs.org/react 7022ms (cache updated)
111 http fetch GET 200 https://registry.npmjs.org/typescript 7024ms (cache updated)
112 http fetch GET 200 https://registry.npmjs.org/motion 7082ms (cache revalidated)
113 http fetch GET 200 https://registry.npmjs.org/@types%2freact 7098ms (cache revalidated)
114 http fetch GET 200 https://registry.npmjs.org/@types%2freact 7102ms (cache revalidated)
115 http fetch GET 200 https://registry.npmjs.org/typescript 7118ms (cache updated)
116 http fetch GET 200 https://registry.npmjs.org/@types%2fnext 7170ms (cache revalidated)
117 http fetch GET 200 https://registry.npmjs.org/@types%2freact 7163ms (cache revalidated)
118 http fetch GET 200 https://registry.npmjs.org/@types%2freact 7167ms (cache revalidated)
119 http fetch GET 200 https://registry.npmjs.org/react 7228ms (cache updated)
120 http fetch GET 200 https://registry.npmjs.org/@types%2freact 7202ms (cache revalidated)
121 http fetch GET 200 https://registry.npmjs.org/typescript 7221ms (cache updated)
122 http fetch GET 200 https://registry.npmjs.org/@types%2freact 7262ms (cache revalidated)
123 http fetch GET 200 https://registry.npmjs.org/react 7324ms (cache updated)
124 http fetch GET 200 https://registry.npmjs.org/@types%2freact 7285ms (cache revalidated)
125 http fetch GET 200 https://registry.npmjs.org/html2canvas 7286ms (cache revalidated)
126 http fetch GET 200 https://registry.npmjs.org/typescript 7341ms (cache updated)
127 http fetch GET 200 https://registry.npmjs.org/html2canvas 7390ms (cache revalidated)
128 http fetch GET 200 https://registry.npmjs.org/@types%2freact 7417ms (cache revalidated)
129 http fetch GET 200 https://registry.npmjs.org/@types%2freact 7420ms (cache revalidated)
130 http fetch GET 200 https://registry.npmjs.org/@types%2freact 7438ms (cache revalidated)
131 http fetch GET 200 https://registry.npmjs.org/@types%2fnode 7451ms (cache updated)
132 http fetch GET 200 https://registry.npmjs.org/@types%2freact 7449ms (cache revalidated)
133 http fetch GET 200 https://registry.npmjs.org/@types%2freact 7460ms (cache revalidated)
134 http fetch GET 200 https://registry.npmjs.org/@types%2freact 7469ms (cache revalidated)
135 http fetch GET 200 https://registry.npmjs.org/@types%2fnode 7505ms (cache updated)
136 http fetch GET 200 https://registry.npmjs.org/react-responsive-carousel 7509ms (cache revalidated)
137 http fetch GET 200 https://registry.npmjs.org/typescript 7545ms (cache updated)
138 http fetch GET 200 https://registry.npmjs.org/@types%2freact 8179ms (cache revalidated)
139 http fetch GET 200 https://registry.npmjs.org/@tailwindcss%2fpostcss 8187ms (cache revalidated)
140 http fetch GET 200 https://registry.npmjs.org/eslint 8244ms (cache revalidated)
141 http fetch GET 200 https://registry.npmjs.org/@tsparticles%2fengine 8335ms (cache updated)
142 http fetch GET 200 https://registry.npmjs.org/@tsparticles%2fengine 8321ms (cache updated)
143 http fetch GET 200 https://registry.npmjs.org/@tsparticles%2fengine 8338ms (cache updated)
144 http fetch GET 200 https://registry.npmjs.org/@tsparticles%2fengine 8337ms (cache updated)
145 http fetch GET 200 https://registry.npmjs.org/@tsparticles%2fengine 8328ms (cache updated)
146 http fetch GET 200 https://registry.npmjs.org/@tsparticles%2fengine 8335ms (cache updated)
147 http fetch GET 200 https://registry.npmjs.org/@tsparticles%2fengine 8336ms (cache updated)
148 http fetch GET 200 https://registry.npmjs.org/@tsparticles%2fengine 8343ms (cache updated)
149 http fetch GET 200 https://registry.npmjs.org/@tsparticles%2fengine 8339ms (cache updated)
150 http fetch GET 200 https://registry.npmjs.org/@tsparticles%2fengine 8340ms (cache updated)
151 http fetch GET 200 https://registry.npmjs.org/@tsparticles%2fengine 8363ms (cache updated)
152 http fetch GET 200 https://registry.npmjs.org/@tsparticles%2fengine 8360ms (cache updated)
153 http fetch GET 200 https://registry.npmjs.org/@tsparticles%2fengine 8414ms (cache updated)
154 http fetch GET 200 https://registry.npmjs.org/@tsparticles%2fslim 8367ms (cache updated)
155 http fetch GET 200 https://registry.npmjs.org/@types%2fnode 8368ms (cache updated)
156 http fetch GET 200 https://registry.npmjs.org/eslint 8444ms (cache revalidated)
157 http fetch GET 200 https://registry.npmjs.org/@types%2freact 8427ms (cache revalidated)
158 http fetch GET 200 https://registry.npmjs.org/@types%2freact 8435ms (cache revalidated)
159 http fetch GET 200 https://registry.npmjs.org/eslint 8461ms (cache revalidated)
160 http fetch GET 200 https://registry.npmjs.org/@types%2freact 8454ms (cache revalidated)
161 http fetch GET 200 https://registry.npmjs.org/@types%2freact 8457ms (cache revalidated)
162 http fetch GET 200 https://registry.npmjs.org/@types%2fnode 8496ms (cache updated)
163 http fetch GET 200 https://registry.npmjs.org/@types%2fnode 8525ms (cache updated)
164 http fetch GET 200 https://registry.npmjs.org/@types%2fnode 8589ms (cache updated)
165 http fetch GET 200 https://registry.npmjs.org/@tsparticles%2freact 8666ms (cache revalidated)
166 http fetch GET 200 https://registry.npmjs.org/react 8771ms (cache updated)
167 http fetch GET 200 https://registry.npmjs.org/react 8784ms (cache updated)
168 http fetch GET 200 https://registry.npmjs.org/react-dom 8823ms (cache updated)
169 http fetch GET 200 https://registry.npmjs.org/react 8809ms (cache updated)
170 http fetch GET 200 https://registry.npmjs.org/typescript 8862ms (cache updated)
